<?xml version="1.0" encoding="UTF-8"?>
<!-- Generated by org.testng.reporters.JUnitXMLReporter -->
<testsuite ignored="24" hostname="Mohammad-Adel" failures="8" tests="73" name="Test" time="584.356" errors="0" timestamp="2025-09-04T21:00:45 EEST">
  <testcase classname="QABootcamp_Maven.OrangeHRM.LogInTest" name="logIn" time="2.139">
    <failure type="org.openqa.selenium.TimeoutException" message="Expected condition failed: waiting for visibility of element located by By.name: username (tried for 2 second(s) with 500 milliseconds interval)
Build info: version: &amp;apos;4.20.0&amp;apos;, revision: &amp;apos;866c76ca80&amp;apos;
System info: os.name: &amp;apos;Windows 11&amp;apos;, os.arch: &amp;apos;amd64&amp;apos;, os.version: &amp;apos;10.0&amp;apos;, java.version: &amp;apos;24.0.1&amp;apos;
Driver info: org.openqa.selenium.chrome.ChromeDriver
Capabilities {acceptInsecureCerts: false, browserName: chrome, browserVersion: 139.0.7258.155, chrome: {chromedriverVersion: 139.0.7258.154 (9e0d6b2b47f..., userDataDir: C:\Users\moham\AppData\Loca...}, fedcm:accounts: true, goog:chromeOptions: {debuggerAddress: localhost:65104}, networkConnectionEnabled: false, pageLoadStrategy: normal, platformName: windows, proxy: Proxy(), se:cdp: ws://localhost:65104/devtoo..., se:cdpVersion: 139.0.7258.155, setWindowRect: true, strictFileInteractability: false, timeouts: {implicit: 0, pageLoad: 300000, script: 30000}, unhandledPromptBehavior: dismiss and notify, webauthn:extension:credBlob: true, webauthn:extension:largeBlob: true, webauthn:extension:minPinLength: true, webauthn:extension:prf: true, webauthn:virtualAuthenticators: true}
Session ID: 309f0a6af118b67d02b86eab03329850">
      <![CDATA[org.openqa.selenium.TimeoutException: Expected condition failed: waiting for visibility of element located by By.name: username (tried for 2 second(s) with 500 milliseconds interval)
Build info: version: '4.20.0', revision: '866c76ca80'
System info: os.name: 'Windows 11', os.arch: 'amd64', os.version: '10.0', java.version: '24.0.1'
Driver info: org.openqa.selenium.chrome.ChromeDriver
Capabilities {acceptInsecureCerts: false, browserName: chrome, browserVersion: 139.0.7258.155, chrome: {chromedriverVersion: 139.0.7258.154 (9e0d6b2b47f..., userDataDir: C:\Users\moham\AppData\Loca...}, fedcm:accounts: true, goog:chromeOptions: {debuggerAddress: localhost:65104}, networkConnectionEnabled: false, pageLoadStrategy: normal, platformName: windows, proxy: Proxy(), se:cdp: ws://localhost:65104/devtoo..., se:cdpVersion: 139.0.7258.155, setWindowRect: true, strictFileInteractability: false, timeouts: {implicit: 0, pageLoad: 300000, script: 30000}, unhandledPromptBehavior: dismiss and notify, webauthn:extension:credBlob: true, webauthn:extension:largeBlob: true, webauthn:extension:minPinLength: true, webauthn:extension:prf: true, webauthn:virtualAuthenticators: true}
Session ID: 309f0a6af118b67d02b86eab03329850
at org.openqa.selenium.support.ui.WebDriverWait.timeoutException(WebDriverWait.java:84)
at org.openqa.selenium.support.ui.FluentWait.until(FluentWait.java:228)
at QABootcamp_Maven.OrangeHRM.LogIn.enterUserName(LogIn.java:24)
at QABootcamp_Maven.OrangeHRM.LogIn.Login(LogIn.java:52)
at QABootcamp_Maven.OrangeHRM.LogInTest.logIn(LogInTest.java:24)
at java.base/java.util.ArrayList.forEach(ArrayList.java:1604)
... Removed 25 stack frames]]>
    </failure>
  </testcase> <!-- logIn -->
  <testcase classname="QABootcamp_Maven.OrangeHRM.LogInTest" name="logIn" time="2.096"/>
  <testcase classname="QABootcamp_Maven.OrangeHRM.LogInTest" name="logIn" time="0.561"/>
  <testcase classname="QABootcamp_Maven.OrangeHRM.LogInTest" name="logIn" time="2.146"/>
  <testcase classname="User_Management_Module.UserManagementTest" name="addUser" time="19.256"/>
  <testcase classname="User_Management_Module.UserManagementTest" name="searchUser" time="1.748"/>
  <testcase classname="User_Management_Module.UserManagementTest" name="checkUniqeUserName" time="2.697"/>
  <testcase classname="User_Management_Module.UserManagementTest" name="checkPassword" time="0.617"/>
  <testcase classname="User_Management_Module.UserManagementTest" name="checkRequiredFields" time="1.255"/>
  <testcase classname="User_Management_Module.UserManagementTest" name="deleteUser" time="6.781"/>
  <testcase classname="User_Management_Module.UserManagementTest" name="editUser" time="12.807"/>
  <testcase classname="User_Management_Module.UserManagementTest" name="deleteAllUser" time="5.501"/>
  <testcase classname="Job_Module.JobTitlesTest" name="addJobTitle" time="11.55"/>
  <testcase classname="Job_Module.JobTitlesTest" name="checkRequiredFields" time="4.129"/>
  <testcase classname="Job_Module.JobTitlesTest" name="editJobTitle" time="8.499"/>
  <testcase classname="Job_Module.JobTitlesTest" name="deleteJob" time="5.027"/>
  <testcase classname="Job_Module.JobTitlesTest" name="deleteAllJobs" time="24.291">
    <failure type="org.openqa.selenium.TimeoutException" message="Expected condition failed: waiting for element to be clickable: By.xpath: (//div[@class=&amp;apos;oxd-checkbox-wrapper&amp;apos;])[1] (tried for 10 second(s) with 500 milliseconds interval)
Build info: version: &amp;apos;4.20.0&amp;apos;, revision: &amp;apos;866c76ca80&amp;apos;
System info: os.name: &amp;apos;Windows 11&amp;apos;, os.arch: &amp;apos;amd64&amp;apos;, os.version: &amp;apos;10.0&amp;apos;, java.version: &amp;apos;24.0.1&amp;apos;
Driver info: org.openqa.selenium.chrome.ChromeDriver
Capabilities {acceptInsecureCerts: false, browserName: chrome, browserVersion: 139.0.7258.155, chrome: {chromedriverVersion: 139.0.7258.154 (9e0d6b2b47f..., userDataDir: C:\Users\moham\AppData\Loca...}, fedcm:accounts: true, goog:chromeOptions: {debuggerAddress: localhost:65104}, networkConnectionEnabled: false, pageLoadStrategy: normal, platformName: windows, proxy: Proxy(), se:cdp: ws://localhost:65104/devtoo..., se:cdpVersion: 139.0.7258.155, setWindowRect: true, strictFileInteractability: false, timeouts: {implicit: 0, pageLoad: 300000, script: 30000}, unhandledPromptBehavior: dismiss and notify, webauthn:extension:credBlob: true, webauthn:extension:largeBlob: true, webauthn:extension:minPinLength: true, webauthn:extension:prf: true, webauthn:virtualAuthenticators: true}
Session ID: 309f0a6af118b67d02b86eab03329850">
      <![CDATA[org.openqa.selenium.TimeoutException: Expected condition failed: waiting for element to be clickable: By.xpath: (//div[@class='oxd-checkbox-wrapper'])[1] (tried for 10 second(s) with 500 milliseconds interval)
Build info: version: '4.20.0', revision: '866c76ca80'
System info: os.name: 'Windows 11', os.arch: 'amd64', os.version: '10.0', java.version: '24.0.1'
Driver info: org.openqa.selenium.chrome.ChromeDriver
Capabilities {acceptInsecureCerts: false, browserName: chrome, browserVersion: 139.0.7258.155, chrome: {chromedriverVersion: 139.0.7258.154 (9e0d6b2b47f..., userDataDir: C:\Users\moham\AppData\Loca...}, fedcm:accounts: true, goog:chromeOptions: {debuggerAddress: localhost:65104}, networkConnectionEnabled: false, pageLoadStrategy: normal, platformName: windows, proxy: Proxy(), se:cdp: ws://localhost:65104/devtoo..., se:cdpVersion: 139.0.7258.155, setWindowRect: true, strictFileInteractability: false, timeouts: {implicit: 0, pageLoad: 300000, script: 30000}, unhandledPromptBehavior: dismiss and notify, webauthn:extension:credBlob: true, webauthn:extension:largeBlob: true, webauthn:extension:minPinLength: true, webauthn:extension:prf: true, webauthn:virtualAuthenticators: true}
Session ID: 309f0a6af118b67d02b86eab03329850
at org.openqa.selenium.support.ui.WebDriverWait.timeoutException(WebDriverWait.java:84)
at org.openqa.selenium.support.ui.FluentWait.until(FluentWait.java:228)
at Job_Module.JobTitles.deleteAllUsers(JobTitles.java:169)
at Job_Module.JobTitlesTest.deleteAllJobs(JobTitlesTest.java:51)
at java.base/java.util.ArrayList.forEach(ArrayList.java:1604)
... Removed 25 stack frames]]>
    </failure>
  </testcase> <!-- deleteAllJobs -->
  <testcase classname="Job_Module.PayGradesTest" name="addPayGrade" time="10.704"/>
  <testcase classname="Job_Module.PayGradesTest" name="checkRequiredFields" time="2.942"/>
  <testcase classname="Job_Module.PayGradesTest" name="verifyInvalidSalaryWarning" time="4.122"/>
  <testcase classname="Job_Module.PayGradesTest" name="verifyNegativeSalaryWarning" time="0.729"/>
  <testcase classname="Job_Module.PayGradesTest" name="deleteOneCurrency" time="10.94"/>
  <testcase classname="Job_Module.PayGradesTest" name="deleteAllCurrencies" time="8.757"/>
  <testcase classname="Job_Module.PayGradesTest" name="editPayGradeName" time="7.717"/>
  <testcase classname="Job_Module.PayGradesTest" name="editCurrencyDetails" time="6.226"/>
  <testcase classname="Job_Module.PayGradesTest" name="deleteOnePayGrade" time="6.17"/>
  <testcase classname="Job_Module.PayGradesTest" name="deleteAllPayGrades" time="3.95"/>
  <testcase classname="Job_Module.EmploymentStatusTest" name="testAddEmploymentStatus" time="5.337"/>
  <testcase classname="Job_Module.EmploymentStatusTest" name="testEmploymentStatusFieldCannotBeBlank" time="3.272"/>
  <testcase classname="Job_Module.EmploymentStatusTest" name="testEditEmploymentStatus" time="4.555"/>
  <testcase classname="Job_Module.EmploymentStatusTest" name="testDeleteSingleEmploymentStatus" time="3.338"/>
  <testcase classname="Job_Module.EmploymentStatusTest" name="testDeleteMultipleEmploymentStatuses" time="3.278"/>
  <testcase classname="Job_Module.EmploymentStatusTest" name="testDuplicateEmploymentStatusNotAllowed" time="9.701"/>
  <testcase classname="Job_Module.JobCategoriesTest" name="testAddJobCategoryValidInput" time="3.285"/>
  <testcase classname="Job_Module.JobCategoriesTest" name="testJobCategoryFieldCannotBeBlank" time="2.293"/>
  <testcase classname="Job_Module.JobCategoriesTest" name="testDuplicateJobCategoryNotAllowed" time="3.306"/>
  <testcase classname="Job_Module.JobCategoriesTest" name="testEditJobCategory" time="3.792"/>
  <testcase classname="Job_Module.JobCategoriesTest" name="testDeleteSingleJobCategory" time="2.211"/>
  <testcase classname="Job_Module.JobCategoriesTest" name="testDeleteMultipleJobCategories" time="2.517"/>
  <testcase classname="Job_Module.JobCategoriesTest" name="testSpecialCharactersInJobCategory" time="3.312"/>
  <testcase classname="Job_Module.WorkShiftsTest" name="addValidWorkShift" time="7.303"/>
  <testcase classname="Job_Module.WorkShiftsTest" name="addOvernightWorkShift_bugShowsError" time="2.283"/>
  <testcase classname="Job_Module.WorkShiftsTest" name="cannotAddWithMissingMandatoryFields" time="2.181"/>
  <testcase classname="Job_Module.WorkShiftsTest" name="cannotAddDuplicateName" time="2.173"/>
  <testcase classname="Job_Module.WorkShiftsTest" name="editDayShiftToDayShift2" time="3.892"/>
  <testcase classname="Job_Module.WorkShiftsTest" name="deleteSingleWorkShift" time="1.023"/>
  <testcase classname="Job_Module.WorkShiftsTest" name="deleteMultipleWorkShifts" time="1.936"/>
  <testcase classname="Organization_Module.OrganizationGeneralInfoTest" name="InvalidBlankEditTest" time="2.341"/>
  <testcase classname="Organization_Module.OrganizationGeneralInfoTest" name="InvalidEmailTest" time="2.596"/>
  <testcase classname="Organization_Module.OrganizationGeneralInfoTest" name="InvalidPhoneNumberTest" time="2.102"/>
  <testcase classname="Organization_Module.OrganizationGeneralInfoTest" name="OrganizationNameTest" time="2.897"/>
  <testcase classname="Organization_Module.OrganizationLocationAddTest" name="inValidAddTest" time="13.522">
    <failure type="org.openqa.selenium.ElementClickInterceptedException" message="element click intercepted: Element &amp;lt;button data-v-10d463b7=&amp;quot;&amp;quot; type=&amp;quot;submit&amp;quot; class=&amp;quot;oxd-button oxd-button--medium oxd-button--secondary orangehrm-left-space&amp;quot;&amp;gt;...&amp;lt;/button&amp;gt; is not clickable at point (1402, 676). Other element would receive the click: &amp;lt;div data-v-d130bb63=&amp;quot;&amp;quot; data-v-13cf171c=&amp;quot;&amp;quot; role=&amp;quot;option&amp;quot; class=&amp;quot;oxd-select-option&amp;quot;&amp;gt;...&amp;lt;/div&amp;gt;
  (Session info: chrome=139.0.7258.155)
Build info: version: &amp;apos;4.20.0&amp;apos;, revision: &amp;apos;866c76ca80&amp;apos;
System info: os.name: &amp;apos;Windows 11&amp;apos;, os.arch: &amp;apos;amd64&amp;apos;, os.version: &amp;apos;10.0&amp;apos;, java.version: &amp;apos;24.0.1&amp;apos;
Driver info: org.openqa.selenium.chrome.ChromeDriver
Command: [309f0a6af118b67d02b86eab03329850, clickElement {id=f.C721154D6E48D29BE12FAB0F3E6A97A0.d.C2B65DE2B0B3CA6DAFABDA171831E221.e.2717}]
Capabilities {acceptInsecureCerts: false, browserName: chrome, browserVersion: 139.0.7258.155, chrome: {chromedriverVersion: 139.0.7258.154 (9e0d6b2b47f..., userDataDir: C:\Users\moham\AppData\Loca...}, fedcm:accounts: true, goog:chromeOptions: {debuggerAddress: localhost:65104}, networkConnectionEnabled: false, pageLoadStrategy: normal, platformName: windows, proxy: Proxy(), se:cdp: ws://localhost:65104/devtoo..., se:cdpVersion: 139.0.7258.155, setWindowRect: true, strictFileInteractability: false, timeouts: {implicit: 0, pageLoad: 300000, script: 30000}, unhandledPromptBehavior: dismiss and notify, webauthn:extension:credBlob: true, webauthn:extension:largeBlob: true, webauthn:extension:minPinLength: true, webauthn:extension:prf: true, webauthn:virtualAuthenticators: true}
Element: [[ChromeDriver: chrome on windows (309f0a6af118b67d02b86eab03329850)] -&amp;gt; xpath: //button[@type=&amp;apos;submit&amp;apos;]]
Session ID: 309f0a6af118b67d02b86eab03329850">
      <![CDATA[org.openqa.selenium.ElementClickInterceptedException: element click intercepted: Element <button data-v-10d463b7="" type="submit" class="oxd-button oxd-button--medium oxd-button--secondary orangehrm-left-space">...</button> is not clickable at point (1402, 676). Other element would receive the click: <div data-v-d130bb63="" data-v-13cf171c="" role="option" class="oxd-select-option">...</div>
  (Session info: chrome=139.0.7258.155)
Build info: version: '4.20.0', revision: '866c76ca80'
System info: os.name: 'Windows 11', os.arch: 'amd64', os.version: '10.0', java.version: '24.0.1'
Driver info: org.openqa.selenium.chrome.ChromeDriver
Command: [309f0a6af118b67d02b86eab03329850, clickElement {id=f.C721154D6E48D29BE12FAB0F3E6A97A0.d.C2B65DE2B0B3CA6DAFABDA171831E221.e.2717}]
Capabilities {acceptInsecureCerts: false, browserName: chrome, browserVersion: 139.0.7258.155, chrome: {chromedriverVersion: 139.0.7258.154 (9e0d6b2b47f..., userDataDir: C:\Users\moham\AppData\Loca...}, fedcm:accounts: true, goog:chromeOptions: {debuggerAddress: localhost:65104}, networkConnectionEnabled: false, pageLoadStrategy: normal, platformName: windows, proxy: Proxy(), se:cdp: ws://localhost:65104/devtoo..., se:cdpVersion: 139.0.7258.155, setWindowRect: true, strictFileInteractability: false, timeouts: {implicit: 0, pageLoad: 300000, script: 30000}, unhandledPromptBehavior: dismiss and notify, webauthn:extension:credBlob: true, webauthn:extension:largeBlob: true, webauthn:extension:minPinLength: true, webauthn:extension:prf: true, webauthn:virtualAuthenticators: true}
Element: [[ChromeDriver: chrome on windows (309f0a6af118b67d02b86eab03329850)] -> xpath: //button[@type='submit']]
Session ID: 309f0a6af118b67d02b86eab03329850
at org.openqa.selenium.remote.ErrorCodec.decode(ErrorCodec.java:167)
at org.openqa.selenium.remote.codec.w3c.W3CHttpResponseCodec.decode(W3CHttpResponseCodec.java:138)
at org.openqa.selenium.remote.codec.w3c.W3CHttpResponseCodec.decode(W3CHttpResponseCodec.java:50)
at org.openqa.selenium.remote.HttpCommandExecutor.execute(HttpCommandExecutor.java:190)
at org.openqa.selenium.remote.service.DriverCommandExecutor.invokeExecute(DriverCommandExecutor.java:216)
at org.openqa.selenium.remote.service.DriverCommandExecutor.execute(DriverCommandExecutor.java:174)
at org.openqa.selenium.remote.RemoteWebDriver.execute(RemoteWebDriver.java:518)
at org.openqa.selenium.remote.RemoteWebElement.execute(RemoteWebElement.java:223)
at org.openqa.selenium.remote.RemoteWebElement.click(RemoteWebElement.java:76)
at Organization_Module.OrganizationLocations.SaveAdd(OrganizationLocations.java:95)
at Organization_Module.OrganizationLocationAddTest.inValidAddTest(OrganizationLocationAddTest.java:43)
at java.base/java.util.ArrayList.forEach(ArrayList.java:1604)
... Removed 28 stack frames]]>
    </failure>
  </testcase> <!-- inValidAddTest -->
  <testcase classname="Organization_Module.OrganizationLocationAddTest" name="ValidAddTest" time="9.381"/>
  <testcase classname="Organization_Module.OrganizationLocationAddTest" name="DuplicateAddTest" time="9.182"/>
  <testcase classname="Organization_Module.OrganizationLocationsTest" name="ValidAddTest" time="10.164"/>
  <testcase classname="Organization_Module.OrganizationLocationsTest" name="ValidNameSearch" time="3.909">
    <failure type="java.lang.AssertionError" message="The following asserts failed:
	doesnt match expected [Cairo20] but found []">
      <![CDATA[java.lang.AssertionError: The following asserts failed:
doesnt match expected [Cairo20] but found []
at Organization_Module.OrganizationLocationsTest.ValidNameSearch(OrganizationLocationsTest.java:43)
at java.base/java.util.ArrayList.forEach(ArrayList.java:1604)
... Removed 27 stack frames]]>
    </failure>
  </testcase> <!-- ValidNameSearch -->
  <testcase classname="Organization_Module.OrganizationLocationsTest" name="ValidCitySearch" time="13.745">
    <failure type="org.openqa.selenium.TimeoutException" message="Expected condition failed: waiting for number of elements found by By.cssSelector: div.oxd-table-body div.oxd-table-card to be more than &amp;quot;0&amp;quot;. Current number: &amp;quot;0&amp;quot; (tried for 10 second(s) with 500 milliseconds interval)
Build info: version: &amp;apos;4.20.0&amp;apos;, revision: &amp;apos;866c76ca80&amp;apos;
System info: os.name: &amp;apos;Windows 11&amp;apos;, os.arch: &amp;apos;amd64&amp;apos;, os.version: &amp;apos;10.0&amp;apos;, java.version: &amp;apos;24.0.1&amp;apos;
Driver info: org.openqa.selenium.chrome.ChromeDriver
Capabilities {acceptInsecureCerts: false, browserName: chrome, browserVersion: 139.0.7258.155, chrome: {chromedriverVersion: 139.0.7258.154 (9e0d6b2b47f..., userDataDir: C:\Users\moham\AppData\Loca...}, fedcm:accounts: true, goog:chromeOptions: {debuggerAddress: localhost:65104}, networkConnectionEnabled: false, pageLoadStrategy: normal, platformName: windows, proxy: Proxy(), se:cdp: ws://localhost:65104/devtoo..., se:cdpVersion: 139.0.7258.155, setWindowRect: true, strictFileInteractability: false, timeouts: {implicit: 0, pageLoad: 300000, script: 30000}, unhandledPromptBehavior: dismiss and notify, webauthn:extension:credBlob: true, webauthn:extension:largeBlob: true, webauthn:extension:minPinLength: true, webauthn:extension:prf: true, webauthn:virtualAuthenticators: true}
Session ID: 309f0a6af118b67d02b86eab03329850">
      <![CDATA[org.openqa.selenium.TimeoutException: Expected condition failed: waiting for number of elements found by By.cssSelector: div.oxd-table-body div.oxd-table-card to be more than "0". Current number: "0" (tried for 10 second(s) with 500 milliseconds interval)
Build info: version: '4.20.0', revision: '866c76ca80'
System info: os.name: 'Windows 11', os.arch: 'amd64', os.version: '10.0', java.version: '24.0.1'
Driver info: org.openqa.selenium.chrome.ChromeDriver
Capabilities {acceptInsecureCerts: false, browserName: chrome, browserVersion: 139.0.7258.155, chrome: {chromedriverVersion: 139.0.7258.154 (9e0d6b2b47f..., userDataDir: C:\Users\moham\AppData\Loca...}, fedcm:accounts: true, goog:chromeOptions: {debuggerAddress: localhost:65104}, networkConnectionEnabled: false, pageLoadStrategy: normal, platformName: windows, proxy: Proxy(), se:cdp: ws://localhost:65104/devtoo..., se:cdpVersion: 139.0.7258.155, setWindowRect: true, strictFileInteractability: false, timeouts: {implicit: 0, pageLoad: 300000, script: 30000}, unhandledPromptBehavior: dismiss and notify, webauthn:extension:credBlob: true, webauthn:extension:largeBlob: true, webauthn:extension:minPinLength: true, webauthn:extension:prf: true, webauthn:virtualAuthenticators: true}
Session ID: 309f0a6af118b67d02b86eab03329850
at org.openqa.selenium.support.ui.WebDriverWait.timeoutException(WebDriverWait.java:84)
at org.openqa.selenium.support.ui.FluentWait.until(FluentWait.java:228)
at Organization_Module.LocationSearchReset.getRowCells(LocationSearchReset.java:75)
at Organization_Module.OrganizationLocationsTest.ValidCitySearch(OrganizationLocationsTest.java:51)
at java.base/java.util.ArrayList.forEach(ArrayList.java:1604)
... Removed 25 stack frames]]>
    </failure>
  </testcase> <!-- ValidCitySearch -->
  <testcase classname="Organization_Module.OrganizationLocationsTest" name="ValidSearch" time="20.294">
    <failure type="org.openqa.selenium.TimeoutException" message="Expected condition failed: waiting for number of elements found by By.cssSelector: div.oxd-table-body div.oxd-table-card to be more than &amp;quot;0&amp;quot;. Current number: &amp;quot;0&amp;quot; (tried for 10 second(s) with 500 milliseconds interval)
Build info: version: &amp;apos;4.20.0&amp;apos;, revision: &amp;apos;866c76ca80&amp;apos;
System info: os.name: &amp;apos;Windows 11&amp;apos;, os.arch: &amp;apos;amd64&amp;apos;, os.version: &amp;apos;10.0&amp;apos;, java.version: &amp;apos;24.0.1&amp;apos;
Driver info: org.openqa.selenium.chrome.ChromeDriver
Capabilities {acceptInsecureCerts: false, browserName: chrome, browserVersion: 139.0.7258.155, chrome: {chromedriverVersion: 139.0.7258.154 (9e0d6b2b47f..., userDataDir: C:\Users\moham\AppData\Loca...}, fedcm:accounts: true, goog:chromeOptions: {debuggerAddress: localhost:65104}, networkConnectionEnabled: false, pageLoadStrategy: normal, platformName: windows, proxy: Proxy(), se:cdp: ws://localhost:65104/devtoo..., se:cdpVersion: 139.0.7258.155, setWindowRect: true, strictFileInteractability: false, timeouts: {implicit: 0, pageLoad: 300000, script: 30000}, unhandledPromptBehavior: dismiss and notify, webauthn:extension:credBlob: true, webauthn:extension:largeBlob: true, webauthn:extension:minPinLength: true, webauthn:extension:prf: true, webauthn:virtualAuthenticators: true}
Session ID: 309f0a6af118b67d02b86eab03329850">
      <![CDATA[org.openqa.selenium.TimeoutException: Expected condition failed: waiting for number of elements found by By.cssSelector: div.oxd-table-body div.oxd-table-card to be more than "0". Current number: "0" (tried for 10 second(s) with 500 milliseconds interval)
Build info: version: '4.20.0', revision: '866c76ca80'
System info: os.name: 'Windows 11', os.arch: 'amd64', os.version: '10.0', java.version: '24.0.1'
Driver info: org.openqa.selenium.chrome.ChromeDriver
Capabilities {acceptInsecureCerts: false, browserName: chrome, browserVersion: 139.0.7258.155, chrome: {chromedriverVersion: 139.0.7258.154 (9e0d6b2b47f..., userDataDir: C:\Users\moham\AppData\Loca...}, fedcm:accounts: true, goog:chromeOptions: {debuggerAddress: localhost:65104}, networkConnectionEnabled: false, pageLoadStrategy: normal, platformName: windows, proxy: Proxy(), se:cdp: ws://localhost:65104/devtoo..., se:cdpVersion: 139.0.7258.155, setWindowRect: true, strictFileInteractability: false, timeouts: {implicit: 0, pageLoad: 300000, script: 30000}, unhandledPromptBehavior: dismiss and notify, webauthn:extension:credBlob: true, webauthn:extension:largeBlob: true, webauthn:extension:minPinLength: true, webauthn:extension:prf: true, webauthn:virtualAuthenticators: true}
Session ID: 309f0a6af118b67d02b86eab03329850
at org.openqa.selenium.support.ui.WebDriverWait.timeoutException(WebDriverWait.java:84)
at org.openqa.selenium.support.ui.FluentWait.until(FluentWait.java:228)
at Organization_Module.LocationSearchReset.getRowCells(LocationSearchReset.java:75)
at Organization_Module.OrganizationLocationsTest.ValidSearch(OrganizationLocationsTest.java:63)
at java.base/java.util.ArrayList.forEach(ArrayList.java:1604)
... Removed 25 stack frames]]>
    </failure>
  </testcase> <!-- ValidSearch -->
  <testcase classname="Organization_Module.OrganizationLocationsTest" name="ResetTest" time="9.756"/>
  <testcase classname="Organization_Module.OrganizationLocationsTest" name="inValidSearch" time="13.325"/>
  <testcase classname="Organization_Module.OrganizationLocationEditTest" name="inValidEditTest" time="14.619">
    <failure type="org.openqa.selenium.ElementClickInterceptedException" message="element click intercepted: Element &amp;lt;button data-v-10d463b7=&amp;quot;&amp;quot; type=&amp;quot;submit&amp;quot; class=&amp;quot;oxd-button oxd-button--medium oxd-button--secondary orangehrm-left-space&amp;quot;&amp;gt;...&amp;lt;/button&amp;gt; is not clickable at point (1402, 676). Other element would receive the click: &amp;lt;div data-v-d130bb63=&amp;quot;&amp;quot; data-v-13cf171c=&amp;quot;&amp;quot; role=&amp;quot;option&amp;quot; class=&amp;quot;oxd-select-option&amp;quot;&amp;gt;...&amp;lt;/div&amp;gt;
  (Session info: chrome=139.0.7258.155)
Build info: version: &amp;apos;4.20.0&amp;apos;, revision: &amp;apos;866c76ca80&amp;apos;
System info: os.name: &amp;apos;Windows 11&amp;apos;, os.arch: &amp;apos;amd64&amp;apos;, os.version: &amp;apos;10.0&amp;apos;, java.version: &amp;apos;24.0.1&amp;apos;
Driver info: org.openqa.selenium.chrome.ChromeDriver
Command: [309f0a6af118b67d02b86eab03329850, clickElement {id=f.C721154D6E48D29BE12FAB0F3E6A97A0.d.F44DF734F91D8EC5B814633E97A789EB.e.4903}]
Capabilities {acceptInsecureCerts: false, browserName: chrome, browserVersion: 139.0.7258.155, chrome: {chromedriverVersion: 139.0.7258.154 (9e0d6b2b47f..., userDataDir: C:\Users\moham\AppData\Loca...}, fedcm:accounts: true, goog:chromeOptions: {debuggerAddress: localhost:65104}, networkConnectionEnabled: false, pageLoadStrategy: normal, platformName: windows, proxy: Proxy(), se:cdp: ws://localhost:65104/devtoo..., se:cdpVersion: 139.0.7258.155, setWindowRect: true, strictFileInteractability: false, timeouts: {implicit: 0, pageLoad: 300000, script: 30000}, unhandledPromptBehavior: dismiss and notify, webauthn:extension:credBlob: true, webauthn:extension:largeBlob: true, webauthn:extension:minPinLength: true, webauthn:extension:prf: true, webauthn:virtualAuthenticators: true}
Element: [[ChromeDriver: chrome on windows (309f0a6af118b67d02b86eab03329850)] -&amp;gt; xpath: //button[@type=&amp;apos;submit&amp;apos;]]
Session ID: 309f0a6af118b67d02b86eab03329850">
      <![CDATA[org.openqa.selenium.ElementClickInterceptedException: element click intercepted: Element <button data-v-10d463b7="" type="submit" class="oxd-button oxd-button--medium oxd-button--secondary orangehrm-left-space">...</button> is not clickable at point (1402, 676). Other element would receive the click: <div data-v-d130bb63="" data-v-13cf171c="" role="option" class="oxd-select-option">...</div>
  (Session info: chrome=139.0.7258.155)
Build info: version: '4.20.0', revision: '866c76ca80'
System info: os.name: 'Windows 11', os.arch: 'amd64', os.version: '10.0', java.version: '24.0.1'
Driver info: org.openqa.selenium.chrome.ChromeDriver
Command: [309f0a6af118b67d02b86eab03329850, clickElement {id=f.C721154D6E48D29BE12FAB0F3E6A97A0.d.F44DF734F91D8EC5B814633E97A789EB.e.4903}]
Capabilities {acceptInsecureCerts: false, browserName: chrome, browserVersion: 139.0.7258.155, chrome: {chromedriverVersion: 139.0.7258.154 (9e0d6b2b47f..., userDataDir: C:\Users\moham\AppData\Loca...}, fedcm:accounts: true, goog:chromeOptions: {debuggerAddress: localhost:65104}, networkConnectionEnabled: false, pageLoadStrategy: normal, platformName: windows, proxy: Proxy(), se:cdp: ws://localhost:65104/devtoo..., se:cdpVersion: 139.0.7258.155, setWindowRect: true, strictFileInteractability: false, timeouts: {implicit: 0, pageLoad: 300000, script: 30000}, unhandledPromptBehavior: dismiss and notify, webauthn:extension:credBlob: true, webauthn:extension:largeBlob: true, webauthn:extension:minPinLength: true, webauthn:extension:prf: true, webauthn:virtualAuthenticators: true}
Element: [[ChromeDriver: chrome on windows (309f0a6af118b67d02b86eab03329850)] -> xpath: //button[@type='submit']]
Session ID: 309f0a6af118b67d02b86eab03329850
at org.openqa.selenium.remote.ErrorCodec.decode(ErrorCodec.java:167)
at org.openqa.selenium.remote.codec.w3c.W3CHttpResponseCodec.decode(W3CHttpResponseCodec.java:138)
at org.openqa.selenium.remote.codec.w3c.W3CHttpResponseCodec.decode(W3CHttpResponseCodec.java:50)
at org.openqa.selenium.remote.HttpCommandExecutor.execute(HttpCommandExecutor.java:190)
at org.openqa.selenium.remote.service.DriverCommandExecutor.invokeExecute(DriverCommandExecutor.java:216)
at org.openqa.selenium.remote.service.DriverCommandExecutor.execute(DriverCommandExecutor.java:174)
at org.openqa.selenium.remote.RemoteWebDriver.execute(RemoteWebDriver.java:518)
at org.openqa.selenium.remote.RemoteWebElement.execute(RemoteWebElement.java:223)
at org.openqa.selenium.remote.RemoteWebElement.click(RemoteWebElement.java:76)
at Organization_Module.OrganizationLocationsEdit.ClickSave(OrganizationLocationsEdit.java:115)
at Organization_Module.OrganizationLocationEditTest.inValidEditTest(OrganizationLocationEditTest.java:31)
at java.base/java.util.ArrayList.forEach(ArrayList.java:1604)
... Removed 28 stack frames]]>
    </failure>
  </testcase> <!-- inValidEditTest -->
  <testcase classname="Organization_Module.OrganizationLocationEditTest" name="CancelTest" time="3.144"/>
  <testcase classname="Organization_Module.OrganizationLocationEditTest" name="ValidEditTest" time="10.847"/>
  <testcase classname="Organization_Module.OrganizationLOcationDeleteTest" name="CancelTest" time="2.867"/>
  <testcase classname="Organization_Module.OrganizationLOcationDeleteTest" name="DeleteTest" time="2.797"/>
  <testcase classname="Organization_Module.OrganizationLOcationDeleteTest" name="DeleteMultipleTest" time="12.012"/>
  <testcase classname="Organization_Module.OrganizationLOcationDeleteTest" name="ValidAddTest" time="18.84">
    <failure type="org.openqa.selenium.TimeoutException" message="Expected condition failed: waiting for visibility of element located by By.xpath: //div[@id=&amp;apos;oxd-toaster_1&amp;apos;] (tried for 10 second(s) with 500 milliseconds interval)
Build info: version: &amp;apos;4.20.0&amp;apos;, revision: &amp;apos;866c76ca80&amp;apos;
System info: os.name: &amp;apos;Windows 11&amp;apos;, os.arch: &amp;apos;amd64&amp;apos;, os.version: &amp;apos;10.0&amp;apos;, java.version: &amp;apos;24.0.1&amp;apos;
Driver info: org.openqa.selenium.chrome.ChromeDriver
Capabilities {acceptInsecureCerts: false, browserName: chrome, browserVersion: 139.0.7258.155, chrome: {chromedriverVersion: 139.0.7258.154 (9e0d6b2b47f..., userDataDir: C:\Users\moham\AppData\Loca...}, fedcm:accounts: true, goog:chromeOptions: {debuggerAddress: localhost:65104}, networkConnectionEnabled: false, pageLoadStrategy: normal, platformName: windows, proxy: Proxy(), se:cdp: ws://localhost:65104/devtoo..., se:cdpVersion: 139.0.7258.155, setWindowRect: true, strictFileInteractability: false, timeouts: {implicit: 0, pageLoad: 300000, script: 30000}, unhandledPromptBehavior: dismiss and notify, webauthn:extension:credBlob: true, webauthn:extension:largeBlob: true, webauthn:extension:minPinLength: true, webauthn:extension:prf: true, webauthn:virtualAuthenticators: true}
Session ID: 309f0a6af118b67d02b86eab03329850">
      <![CDATA[org.openqa.selenium.TimeoutException: Expected condition failed: waiting for visibility of element located by By.xpath: //div[@id='oxd-toaster_1'] (tried for 10 second(s) with 500 milliseconds interval)
Build info: version: '4.20.0', revision: '866c76ca80'
System info: os.name: 'Windows 11', os.arch: 'amd64', os.version: '10.0', java.version: '24.0.1'
Driver info: org.openqa.selenium.chrome.ChromeDriver
Capabilities {acceptInsecureCerts: false, browserName: chrome, browserVersion: 139.0.7258.155, chrome: {chromedriverVersion: 139.0.7258.154 (9e0d6b2b47f..., userDataDir: C:\Users\moham\AppData\Loca...}, fedcm:accounts: true, goog:chromeOptions: {debuggerAddress: localhost:65104}, networkConnectionEnabled: false, pageLoadStrategy: normal, platformName: windows, proxy: Proxy(), se:cdp: ws://localhost:65104/devtoo..., se:cdpVersion: 139.0.7258.155, setWindowRect: true, strictFileInteractability: false, timeouts: {implicit: 0, pageLoad: 300000, script: 30000}, unhandledPromptBehavior: dismiss and notify, webauthn:extension:credBlob: true, webauthn:extension:largeBlob: true, webauthn:extension:minPinLength: true, webauthn:extension:prf: true, webauthn:virtualAuthenticators: true}
Session ID: 309f0a6af118b67d02b86eab03329850
at org.openqa.selenium.support.ui.WebDriverWait.timeoutException(WebDriverWait.java:84)
at org.openqa.selenium.support.ui.FluentWait.until(FluentWait.java:228)
at Organization_Module.OrganizationLocations.getSuccessMessage(OrganizationLocations.java:103)
at Organization_Module.OrganizationLOcationDeleteTest.ValidAddTest(OrganizationLOcationDeleteTest.java:58)
at java.base/java.util.ArrayList.forEach(ArrayList.java:1604)
... Removed 25 stack frames]]>
    </failure>
  </testcase> <!-- ValidAddTest -->
  <testcase classname="Organization_Module.OrganizationLOcationDeleteTest" name="DeleteAllRecordsTest" time="3.392"/>
  <testcase classname="Organization_Module.OrganizationLOcationDeleteTest" name="ValidAddTest2" time="9.75"/>
  <testcase classname="PIM_Module.AddEmployeeTest" name="validAddEmployee" time="8.01"/>
  <testcase classname="PIM_Module.AddEmployeeTest" name="invalidAddEmployeeWithBlankFields" time="4.488"/>
  <testcase classname="PIM_Module.AddEmployeeTest" name="invalidAddEmployeeWithTooLargeData" time="3.673"/>
  <testcase classname="PIM_Module.AddEmployeeTest" name="cancelAddEmployeeTest" time="4.467"/>
  <testcase classname="QABootcamp_Maven.OrangeHRM.TestBase" name="@AfterTest tearDown" time="0.0">
    <ignored/>
  </testcase> <!-- @AfterTest tearDown -->
  <testcase classname="QABootcamp_Maven.OrangeHRM.TestBase" name="@BeforeTest setup" time="0.0">
    <ignored/>
  </testcase> <!-- @BeforeTest setup -->
  <testcase classname="QABootcamp_Maven.OrangeHRM.TestBase" name="@AfterTest tearDown" time="0.0">
    <ignored/>
  </testcase> <!-- @AfterTest tearDown -->
  <testcase classname="QABootcamp_Maven.OrangeHRM.TestBase" name="@AfterTest tearDown" time="0.0">
    <ignored/>
  </testcase> <!-- @AfterTest tearDown -->
  <testcase classname="QABootcamp_Maven.OrangeHRM.TestBase" name="@AfterTest tearDown" time="0.0">
    <ignored/>
  </testcase> <!-- @AfterTest tearDown -->
  <testcase classname="QABootcamp_Maven.OrangeHRM.TestBase" name="@AfterTest tearDown" time="0.0">
    <ignored/>
  </testcase> <!-- @AfterTest tearDown -->
  <testcase classname="QABootcamp_Maven.OrangeHRM.TestBase" name="@BeforeTest setup" time="0.0">
    <ignored/>
  </testcase> <!-- @BeforeTest setup -->
  <testcase classname="QABootcamp_Maven.OrangeHRM.TestBase" name="@BeforeTest setup" time="0.0">
    <ignored/>
  </testcase> <!-- @BeforeTest setup -->
  <testcase classname="QABootcamp_Maven.OrangeHRM.TestBase" name="@AfterTest tearDown" time="0.0">
    <ignored/>
  </testcase> <!-- @AfterTest tearDown -->
  <testcase classname="QABootcamp_Maven.OrangeHRM.TestBase" name="@AfterTest tearDown" time="0.0">
    <ignored/>
  </testcase> <!-- @AfterTest tearDown -->
  <testcase classname="QABootcamp_Maven.OrangeHRM.TestBase" name="@BeforeTest setup" time="0.0">
    <ignored/>
  </testcase> <!-- @BeforeTest setup -->
  <testcase classname="QABootcamp_Maven.OrangeHRM.TestBase" name="@BeforeTest setup" time="0.0">
    <ignored/>
  </testcase> <!-- @BeforeTest setup -->
  <testcase classname="QABootcamp_Maven.OrangeHRM.TestBase" name="@BeforeTest setup" time="0.0">
    <ignored/>
  </testcase> <!-- @BeforeTest setup -->
  <testcase classname="QABootcamp_Maven.OrangeHRM.TestBase" name="@BeforeTest setup" time="0.0">
    <ignored/>
  </testcase> <!-- @BeforeTest setup -->
  <testcase classname="QABootcamp_Maven.OrangeHRM.TestBase" name="@AfterTest tearDown" time="0.0">
    <ignored/>
  </testcase> <!-- @AfterTest tearDown -->
  <testcase classname="QABootcamp_Maven.OrangeHRM.TestBase" name="@BeforeTest setup" time="0.0">
    <ignored/>
  </testcase> <!-- @BeforeTest setup -->
  <testcase classname="QABootcamp_Maven.OrangeHRM.TestBase" name="@AfterTest tearDown" time="0.0">
    <ignored/>
  </testcase> <!-- @AfterTest tearDown -->
  <testcase classname="QABootcamp_Maven.OrangeHRM.TestBase" name="@AfterTest tearDown" time="0.0">
    <ignored/>
  </testcase> <!-- @AfterTest tearDown -->
  <testcase classname="QABootcamp_Maven.OrangeHRM.TestBase" name="@BeforeTest setup" time="0.0">
    <ignored/>
  </testcase> <!-- @BeforeTest setup -->
  <testcase classname="QABootcamp_Maven.OrangeHRM.TestBase" name="@BeforeTest setup" time="0.0">
    <ignored/>
  </testcase> <!-- @BeforeTest setup -->
  <testcase classname="QABootcamp_Maven.OrangeHRM.TestBase" name="@BeforeTest setup" time="0.0">
    <ignored/>
  </testcase> <!-- @BeforeTest setup -->
  <testcase classname="QABootcamp_Maven.OrangeHRM.TestBase" name="@BeforeTest setup" time="0.0">
    <ignored/>
  </testcase> <!-- @BeforeTest setup -->
  <testcase classname="QABootcamp_Maven.OrangeHRM.TestBase" name="@AfterTest tearDown" time="0.0">
    <ignored/>
  </testcase> <!-- @AfterTest tearDown -->
  <testcase classname="QABootcamp_Maven.OrangeHRM.TestBase" name="@AfterTest tearDown" time="0.0">
    <ignored/>
  </testcase> <!-- @AfterTest tearDown -->
</testsuite> <!-- Test -->
