<html>
<head>
<title>TestNG:  Test</title>
<link href="../testng.css" rel="stylesheet" type="text/css" />
<link href="../my-testng.css" rel="stylesheet" type="text/css" />

<style type="text/css">
.log { display: none;} 
.stack-trace { display: none;} 
</style>
<script type="text/javascript">
<!--
function flip(e) {
  current = e.style.display;
  if (current == 'block') {
    e.style.display = 'none';
    return 0;
  }
  else {
    e.style.display = 'block';
    return 1;
  }
}

function toggleBox(szDivId, elem, msg1, msg2)
{
  var res = -1;  if (document.getElementById) {
    res = flip(document.getElementById(szDivId));
  }
  else if (document.all) {
    // this is the way old msie versions work
    res = flip(document.all[szDivId]);
  }
  if(elem) {
    if(res == 0) elem.innerHTML = msg1; else elem.innerHTML = msg2;
  }

}

function toggleAllBoxes() {
  if (document.getElementsByTagName) {
    d = document.getElementsByTagName('div');
    for (i = 0; i < d.length; i++) {
      if (d[i].className == 'log') {
        flip(d[i]);
      }
    }
  }
}

// -->
</script>

</head>
<body>
<h2 align='center'>Test</h2><table border='1' align="center">
<tr>
<td>Tests passed/Failed/Skipped:</td><td>65/8/0</td>
</tr><tr>
<td>Started on:</td><td>Thu Sep 04 20:51:01 EEST 2025</td>
</tr>
<tr><td>Total time:</td><td>584 seconds (584356 ms)</td>
</tr><tr>
<td>Included groups:</td><td></td>
</tr><tr>
<td>Excluded groups:</td><td></td>
</tr>
</table><p/>
<small><i>(Hover the method name to see the test class name)</i></small><p/>
<table width='100%' border='1' class='invocation-failed'>
<tr><td colspan='4' align='center'><b>FAILED TESTS</b></td></tr>
<tr><td><b>Test method</b></td>
<td><b>Attribute(s)</b></td>
<td width="30%"><b>Exception</b></td>
<td width="10%"><b>Time (seconds)</b></td>
<td><b>Instance</b></td>
</tr>
<tr>
<td title='QABootcamp_Maven.OrangeHRM.LogInTest.logIn()'><b>logIn</b><br>Test class: QABootcamp_Maven.OrangeHRM.LogInTest<br>Parameters: Admin, test123, Invalid credentials</td>
<td><div><pre>org.openqa.selenium.TimeoutException: Expected condition failed: waiting for visibility of element located by By.name: username (tried for 2 second(s) with 500 milliseconds interval)
Build info: version: &apos;4.20.0&apos;, revision: &apos;866c76ca80&apos;
System info: os.name: &apos;Windows 11&apos;, os.arch: &apos;amd64&apos;, os.version: &apos;10.0&apos;, java.version: &apos;24.0.1&apos;
Driver info: org.openqa.selenium.chrome.ChromeDriver
Capabilities {acceptInsecureCerts: false, browserName: chrome, browserVersion: 139.0.7258.155, chrome: {chromedriverVersion: 139.0.7258.154 (9e0d6b2b47f..., userDataDir: C:\Users\moham\AppData\Loca...}, fedcm:accounts: true, goog:chromeOptions: {debuggerAddress: localhost:65104}, networkConnectionEnabled: false, pageLoadStrategy: normal, platformName: windows, proxy: Proxy(), se:cdp: ws://localhost:65104/devtoo..., se:cdpVersion: 139.0.7258.155, setWindowRect: true, strictFileInteractability: false, timeouts: {implicit: 0, pageLoad: 300000, script: 30000}, unhandledPromptBehavior: dismiss and notify, webauthn:extension:credBlob: true, webauthn:extension:largeBlob: true, webauthn:extension:minPinLength: true, webauthn:extension:prf: true, webauthn:virtualAuthenticators: true}
Session ID: 309f0a6af118b67d02b86eab03329850
	at org.openqa.selenium.support.ui.WebDriverWait.timeoutException(WebDriverWait.java:84)
	at org.openqa.selenium.support.ui.FluentWait.until(FluentWait.java:228)
	at QABootcamp_Maven.OrangeHRM.LogIn.enterUserName(LogIn.java:24)
	at QABootcamp_Maven.OrangeHRM.LogIn.Login(LogIn.java:52)
	at QABootcamp_Maven.OrangeHRM.LogInTest.logIn(LogInTest.java:24)
	at java.base/java.util.ArrayList.forEach(ArrayList.java:1604)
... Removed 25 stack frames</pre></div><a href='#' onClick='toggleBox("stack-trace990870941", this, "Click to show all stack frames", "Click to hide stack frames")'>Click to show all stack frames</a>
<div class='stack-trace' id='stack-trace990870941'><pre>org.openqa.selenium.TimeoutException: Expected condition failed: waiting for visibility of element located by By.name: username (tried for 2 second(s) with 500 milliseconds interval)
Build info: version: &apos;4.20.0&apos;, revision: &apos;866c76ca80&apos;
System info: os.name: &apos;Windows 11&apos;, os.arch: &apos;amd64&apos;, os.version: &apos;10.0&apos;, java.version: &apos;24.0.1&apos;
Driver info: org.openqa.selenium.chrome.ChromeDriver
Capabilities {acceptInsecureCerts: false, browserName: chrome, browserVersion: 139.0.7258.155, chrome: {chromedriverVersion: 139.0.7258.154 (9e0d6b2b47f..., userDataDir: C:\Users\moham\AppData\Loca...}, fedcm:accounts: true, goog:chromeOptions: {debuggerAddress: localhost:65104}, networkConnectionEnabled: false, pageLoadStrategy: normal, platformName: windows, proxy: Proxy(), se:cdp: ws://localhost:65104/devtoo..., se:cdpVersion: 139.0.7258.155, setWindowRect: true, strictFileInteractability: false, timeouts: {implicit: 0, pageLoad: 300000, script: 30000}, unhandledPromptBehavior: dismiss and notify, webauthn:extension:credBlob: true, webauthn:extension:largeBlob: true, webauthn:extension:minPinLength: true, webauthn:extension:prf: true, webauthn:virtualAuthenticators: true}
Session ID: 309f0a6af118b67d02b86eab03329850
	at org.openqa.selenium.support.ui.WebDriverWait.timeoutException(WebDriverWait.java:84)
	at org.openqa.selenium.support.ui.FluentWait.until(FluentWait.java:228)
	at QABootcamp_Maven.OrangeHRM.LogIn.enterUserName(LogIn.java:24)
	at QABootcamp_Maven.OrangeHRM.LogIn.Login(LogIn.java:52)
	at QABootcamp_Maven.OrangeHRM.LogInTest.logIn(LogInTest.java:24)
	at java.base/jdk.internal.reflect.DirectMethodHandleAccessor.invoke(DirectMethodHandleAccessor.java:104)
	at java.base/java.lang.reflect.Method.invoke(Method.java:565)
	at org.testng.internal.invokers.MethodInvocationHelper.invokeMethod(MethodInvocationHelper.java:141)
	at org.testng.internal.invokers.TestInvoker.invokeMethod(TestInvoker.java:687)
	at org.testng.internal.invokers.TestInvoker.invokeTestMethod(TestInvoker.java:230)
	at org.testng.internal.invokers.MethodRunner.runInSequence(MethodRunner.java:63)
	at org.testng.internal.invokers.TestInvoker$MethodInvocationAgent.invoke(TestInvoker.java:995)
	at org.testng.internal.invokers.TestInvoker.invokeTestMethods(TestInvoker.java:203)
	at org.testng.internal.invokers.TestMethodWorker.invokeTestMethods(TestMethodWorker.java:154)
	at org.testng.internal.invokers.TestMethodWorker.run(TestMethodWorker.java:134)
	at java.base/java.util.ArrayList.forEach(ArrayList.java:1604)
	at org.testng.TestRunner.privateRun(TestRunner.java:741)
	at org.testng.TestRunner.run(TestRunner.java:616)
	at org.testng.SuiteRunner.runTest(SuiteRunner.java:421)
	at org.testng.SuiteRunner.runSequentially(SuiteRunner.java:413)
	at org.testng.SuiteRunner.privateRun(SuiteRunner.java:373)
	at org.testng.SuiteRunner.run(SuiteRunner.java:312)
	at org.testng.SuiteRunnerWorker.runSuite(SuiteRunnerWorker.java:52)
	at org.testng.SuiteRunnerWorker.run(SuiteRunnerWorker.java:95)
	at org.testng.TestNG.runSuitesSequentially(TestNG.java:1274)
	at org.testng.TestNG.runSuitesLocally(TestNG.java:1208)
	at org.testng.TestNG.runSuites(TestNG.java:1112)
	at org.testng.TestNG.run(TestNG.java:1079)
	at org.testng.remote.AbstractRemoteTestNG.run(AbstractRemoteTestNG.java:115)
	at org.testng.remote.RemoteTestNG.initAndRun(RemoteTestNG.java:293)
	at org.testng.remote.RemoteTestNG.main(RemoteTestNG.java:91)
</pre></div></td>
<td>2</td>
<td>QABootcamp_Maven.OrangeHRM.LogInTest@815b41f</td></tr>
<tr>
<td title='Organization_Module.OrganizationLocationEditTest.inValidEditTest()'><b>inValidEditTest</b><br>Test class: Organization_Module.OrganizationLocationEditTest<br>Test method: Verify Edit Location with blank required fields</td>
<td><div><pre>org.openqa.selenium.ElementClickInterceptedException: element click intercepted: Element &lt;button data-v-10d463b7=&quot;&quot; type=&quot;submit&quot; class=&quot;oxd-button oxd-button--medium oxd-button--secondary orangehrm-left-space&quot;&gt;...&lt;/button&gt; is not clickable at point (1402, 676). Other element would receive the click: &lt;div data-v-d130bb63=&quot;&quot; data-v-13cf171c=&quot;&quot; role=&quot;option&quot; class=&quot;oxd-select-option&quot;&gt;...&lt;/div&gt;
  (Session info: chrome=139.0.7258.155)
Build info: version: &apos;4.20.0&apos;, revision: &apos;866c76ca80&apos;
System info: os.name: &apos;Windows 11&apos;, os.arch: &apos;amd64&apos;, os.version: &apos;10.0&apos;, java.version: &apos;24.0.1&apos;
Driver info: org.openqa.selenium.chrome.ChromeDriver
Command: [309f0a6af118b67d02b86eab03329850, clickElement {id=f.C721154D6E48D29BE12FAB0F3E6A97A0.d.F44DF734F91D8EC5B814633E97A789EB.e.4903}]
Capabilities {acceptInsecureCerts: false, browserName: chrome, browserVersion: 139.0.7258.155, chrome: {chromedriverVersion: 139.0.7258.154 (9e0d6b2b47f..., userDataDir: C:\Users\moham\AppData\Loca...}, fedcm:accounts: true, goog:chromeOptions: {debuggerAddress: localhost:65104}, networkConnectionEnabled: false, pageLoadStrategy: normal, platformName: windows, proxy: Proxy(), se:cdp: ws://localhost:65104/devtoo..., se:cdpVersion: 139.0.7258.155, setWindowRect: true, strictFileInteractability: false, timeouts: {implicit: 0, pageLoad: 300000, script: 30000}, unhandledPromptBehavior: dismiss and notify, webauthn:extension:credBlob: true, webauthn:extension:largeBlob: true, webauthn:extension:minPinLength: true, webauthn:extension:prf: true, webauthn:virtualAuthenticators: true}
Element: [[ChromeDriver: chrome on windows (309f0a6af118b67d02b86eab03329850)] -&gt; xpath: //button[@type=&apos;submit&apos;]]
Session ID: 309f0a6af118b67d02b86eab03329850
	at org.openqa.selenium.remote.ErrorCodec.decode(ErrorCodec.java:167)
	at org.openqa.selenium.remote.codec.w3c.W3CHttpResponseCodec.decode(W3CHttpResponseCodec.java:138)
	at org.openqa.selenium.remote.codec.w3c.W3CHttpResponseCodec.decode(W3CHttpResponseCodec.java:50)
	at org.openqa.selenium.remote.HttpCommandExecutor.execute(HttpCommandExecutor.java:190)
	at org.openqa.selenium.remote.service.DriverCommandExecutor.invokeExecute(DriverCommandExecutor.java:216)
	at org.openqa.selenium.remote.service.DriverCommandExecutor.execute(DriverCommandExecutor.java:174)
	at org.openqa.selenium.remote.RemoteWebDriver.execute(RemoteWebDriver.java:518)
	at org.openqa.selenium.remote.RemoteWebElement.execute(RemoteWebElement.java:223)
	at org.openqa.selenium.remote.RemoteWebElement.click(RemoteWebElement.java:76)
	at Organization_Module.OrganizationLocationsEdit.ClickSave(OrganizationLocationsEdit.java:115)
	at Organization_Module.OrganizationLocationEditTest.inValidEditTest(OrganizationLocationEditTest.java:31)
	at java.base/java.util.ArrayList.forEach(ArrayList.java:1604)
... Removed 28 stack frames</pre></div><a href='#' onClick='toggleBox("stack-trace247997642", this, "Click to show all stack frames", "Click to hide stack frames")'>Click to show all stack frames</a>
<div class='stack-trace' id='stack-trace247997642'><pre>org.openqa.selenium.ElementClickInterceptedException: element click intercepted: Element &lt;button data-v-10d463b7=&quot;&quot; type=&quot;submit&quot; class=&quot;oxd-button oxd-button--medium oxd-button--secondary orangehrm-left-space&quot;&gt;...&lt;/button&gt; is not clickable at point (1402, 676). Other element would receive the click: &lt;div data-v-d130bb63=&quot;&quot; data-v-13cf171c=&quot;&quot; role=&quot;option&quot; class=&quot;oxd-select-option&quot;&gt;...&lt;/div&gt;
  (Session info: chrome=139.0.7258.155)
Build info: version: &apos;4.20.0&apos;, revision: &apos;866c76ca80&apos;
System info: os.name: &apos;Windows 11&apos;, os.arch: &apos;amd64&apos;, os.version: &apos;10.0&apos;, java.version: &apos;24.0.1&apos;
Driver info: org.openqa.selenium.chrome.ChromeDriver
Command: [309f0a6af118b67d02b86eab03329850, clickElement {id=f.C721154D6E48D29BE12FAB0F3E6A97A0.d.F44DF734F91D8EC5B814633E97A789EB.e.4903}]
Capabilities {acceptInsecureCerts: false, browserName: chrome, browserVersion: 139.0.7258.155, chrome: {chromedriverVersion: 139.0.7258.154 (9e0d6b2b47f..., userDataDir: C:\Users\moham\AppData\Loca...}, fedcm:accounts: true, goog:chromeOptions: {debuggerAddress: localhost:65104}, networkConnectionEnabled: false, pageLoadStrategy: normal, platformName: windows, proxy: Proxy(), se:cdp: ws://localhost:65104/devtoo..., se:cdpVersion: 139.0.7258.155, setWindowRect: true, strictFileInteractability: false, timeouts: {implicit: 0, pageLoad: 300000, script: 30000}, unhandledPromptBehavior: dismiss and notify, webauthn:extension:credBlob: true, webauthn:extension:largeBlob: true, webauthn:extension:minPinLength: true, webauthn:extension:prf: true, webauthn:virtualAuthenticators: true}
Element: [[ChromeDriver: chrome on windows (309f0a6af118b67d02b86eab03329850)] -&gt; xpath: //button[@type=&apos;submit&apos;]]
Session ID: 309f0a6af118b67d02b86eab03329850
	at java.base/jdk.internal.reflect.DirectConstructorHandleAccessor.newInstance(DirectConstructorHandleAccessor.java:62)
	at java.base/java.lang.reflect.Constructor.newInstanceWithCaller(Constructor.java:499)
	at java.base/java.lang.reflect.Constructor.newInstance(Constructor.java:483)
	at org.openqa.selenium.remote.ErrorCodec.decode(ErrorCodec.java:167)
	at org.openqa.selenium.remote.codec.w3c.W3CHttpResponseCodec.decode(W3CHttpResponseCodec.java:138)
	at org.openqa.selenium.remote.codec.w3c.W3CHttpResponseCodec.decode(W3CHttpResponseCodec.java:50)
	at org.openqa.selenium.remote.HttpCommandExecutor.execute(HttpCommandExecutor.java:190)
	at org.openqa.selenium.remote.service.DriverCommandExecutor.invokeExecute(DriverCommandExecutor.java:216)
	at org.openqa.selenium.remote.service.DriverCommandExecutor.execute(DriverCommandExecutor.java:174)
	at org.openqa.selenium.remote.RemoteWebDriver.execute(RemoteWebDriver.java:518)
	at org.openqa.selenium.remote.RemoteWebElement.execute(RemoteWebElement.java:223)
	at org.openqa.selenium.remote.RemoteWebElement.click(RemoteWebElement.java:76)
	at Organization_Module.OrganizationLocationsEdit.ClickSave(OrganizationLocationsEdit.java:115)
	at Organization_Module.OrganizationLocationEditTest.inValidEditTest(OrganizationLocationEditTest.java:31)
	at java.base/jdk.internal.reflect.DirectMethodHandleAccessor.invoke(DirectMethodHandleAccessor.java:104)
	at java.base/java.lang.reflect.Method.invoke(Method.java:565)
	at org.testng.internal.invokers.MethodInvocationHelper.invokeMethod(MethodInvocationHelper.java:141)
	at org.testng.internal.invokers.TestInvoker.invokeMethod(TestInvoker.java:687)
	at org.testng.internal.invokers.TestInvoker.invokeTestMethod(TestInvoker.java:230)
	at org.testng.internal.invokers.MethodRunner.runInSequence(MethodRunner.java:63)
	at org.testng.internal.invokers.TestInvoker$MethodInvocationAgent.invoke(TestInvoker.java:995)
	at org.testng.internal.invokers.TestInvoker.invokeTestMethods(TestInvoker.java:203)
	at org.testng.internal.invokers.TestMethodWorker.invokeTestMethods(TestMethodWorker.java:154)
	at org.testng.internal.invokers.TestMethodWorker.run(TestMethodWorker.java:134)
	at java.base/java.util.ArrayList.forEach(ArrayList.java:1604)
	at org.testng.TestRunner.privateRun(TestRunner.java:741)
	at org.testng.TestRunner.run(TestRunner.java:616)
	at org.testng.SuiteRunner.runTest(SuiteRunner.java:421)
	at org.testng.SuiteRunner.runSequentially(SuiteRunner.java:413)
	at org.testng.SuiteRunner.privateRun(SuiteRunner.java:373)
	at org.testng.SuiteRunner.run(SuiteRunner.java:312)
	at org.testng.SuiteRunnerWorker.runSuite(SuiteRunnerWorker.java:52)
	at org.testng.SuiteRunnerWorker.run(SuiteRunnerWorker.java:95)
	at org.testng.TestNG.runSuitesSequentially(TestNG.java:1274)
	at org.testng.TestNG.runSuitesLocally(TestNG.java:1208)
	at org.testng.TestNG.runSuites(TestNG.java:1112)
	at org.testng.TestNG.run(TestNG.java:1079)
	at org.testng.remote.AbstractRemoteTestNG.run(AbstractRemoteTestNG.java:115)
	at org.testng.remote.RemoteTestNG.initAndRun(RemoteTestNG.java:293)
	at org.testng.remote.RemoteTestNG.main(RemoteTestNG.java:91)
</pre></div></td>
<td>14</td>
<td>Organization_Module.OrganizationLocationEditTest@7eac9008</td></tr>
<tr>
<td title='Organization_Module.OrganizationLocationsTest.ValidSearch()'><b>ValidSearch</b><br>Test class: Organization_Module.OrganizationLocationsTest<br>Test method: Verify Search with valid data </td>
<td><div><pre>org.openqa.selenium.TimeoutException: Expected condition failed: waiting for number of elements found by By.cssSelector: div.oxd-table-body div.oxd-table-card to be more than &quot;0&quot;. Current number: &quot;0&quot; (tried for 10 second(s) with 500 milliseconds interval)
Build info: version: &apos;4.20.0&apos;, revision: &apos;866c76ca80&apos;
System info: os.name: &apos;Windows 11&apos;, os.arch: &apos;amd64&apos;, os.version: &apos;10.0&apos;, java.version: &apos;24.0.1&apos;
Driver info: org.openqa.selenium.chrome.ChromeDriver
Capabilities {acceptInsecureCerts: false, browserName: chrome, browserVersion: 139.0.7258.155, chrome: {chromedriverVersion: 139.0.7258.154 (9e0d6b2b47f..., userDataDir: C:\Users\moham\AppData\Loca...}, fedcm:accounts: true, goog:chromeOptions: {debuggerAddress: localhost:65104}, networkConnectionEnabled: false, pageLoadStrategy: normal, platformName: windows, proxy: Proxy(), se:cdp: ws://localhost:65104/devtoo..., se:cdpVersion: 139.0.7258.155, setWindowRect: true, strictFileInteractability: false, timeouts: {implicit: 0, pageLoad: 300000, script: 30000}, unhandledPromptBehavior: dismiss and notify, webauthn:extension:credBlob: true, webauthn:extension:largeBlob: true, webauthn:extension:minPinLength: true, webauthn:extension:prf: true, webauthn:virtualAuthenticators: true}
Session ID: 309f0a6af118b67d02b86eab03329850
	at org.openqa.selenium.support.ui.WebDriverWait.timeoutException(WebDriverWait.java:84)
	at org.openqa.selenium.support.ui.FluentWait.until(FluentWait.java:228)
	at Organization_Module.LocationSearchReset.getRowCells(LocationSearchReset.java:75)
	at Organization_Module.OrganizationLocationsTest.ValidSearch(OrganizationLocationsTest.java:63)
	at java.base/java.util.ArrayList.forEach(ArrayList.java:1604)
... Removed 25 stack frames</pre></div><a href='#' onClick='toggleBox("stack-trace1996594324", this, "Click to show all stack frames", "Click to hide stack frames")'>Click to show all stack frames</a>
<div class='stack-trace' id='stack-trace1996594324'><pre>org.openqa.selenium.TimeoutException: Expected condition failed: waiting for number of elements found by By.cssSelector: div.oxd-table-body div.oxd-table-card to be more than &quot;0&quot;. Current number: &quot;0&quot; (tried for 10 second(s) with 500 milliseconds interval)
Build info: version: &apos;4.20.0&apos;, revision: &apos;866c76ca80&apos;
System info: os.name: &apos;Windows 11&apos;, os.arch: &apos;amd64&apos;, os.version: &apos;10.0&apos;, java.version: &apos;24.0.1&apos;
Driver info: org.openqa.selenium.chrome.ChromeDriver
Capabilities {acceptInsecureCerts: false, browserName: chrome, browserVersion: 139.0.7258.155, chrome: {chromedriverVersion: 139.0.7258.154 (9e0d6b2b47f..., userDataDir: C:\Users\moham\AppData\Loca...}, fedcm:accounts: true, goog:chromeOptions: {debuggerAddress: localhost:65104}, networkConnectionEnabled: false, pageLoadStrategy: normal, platformName: windows, proxy: Proxy(), se:cdp: ws://localhost:65104/devtoo..., se:cdpVersion: 139.0.7258.155, setWindowRect: true, strictFileInteractability: false, timeouts: {implicit: 0, pageLoad: 300000, script: 30000}, unhandledPromptBehavior: dismiss and notify, webauthn:extension:credBlob: true, webauthn:extension:largeBlob: true, webauthn:extension:minPinLength: true, webauthn:extension:prf: true, webauthn:virtualAuthenticators: true}
Session ID: 309f0a6af118b67d02b86eab03329850
	at org.openqa.selenium.support.ui.WebDriverWait.timeoutException(WebDriverWait.java:84)
	at org.openqa.selenium.support.ui.FluentWait.until(FluentWait.java:228)
	at Organization_Module.LocationSearchReset.getRowCells(LocationSearchReset.java:75)
	at Organization_Module.OrganizationLocationsTest.ValidSearch(OrganizationLocationsTest.java:63)
	at java.base/jdk.internal.reflect.DirectMethodHandleAccessor.invoke(DirectMethodHandleAccessor.java:104)
	at java.base/java.lang.reflect.Method.invoke(Method.java:565)
	at org.testng.internal.invokers.MethodInvocationHelper.invokeMethod(MethodInvocationHelper.java:141)
	at org.testng.internal.invokers.TestInvoker.invokeMethod(TestInvoker.java:687)
	at org.testng.internal.invokers.TestInvoker.invokeTestMethod(TestInvoker.java:230)
	at org.testng.internal.invokers.MethodRunner.runInSequence(MethodRunner.java:63)
	at org.testng.internal.invokers.TestInvoker$MethodInvocationAgent.invoke(TestInvoker.java:995)
	at org.testng.internal.invokers.TestInvoker.invokeTestMethods(TestInvoker.java:203)
	at org.testng.internal.invokers.TestMethodWorker.invokeTestMethods(TestMethodWorker.java:154)
	at org.testng.internal.invokers.TestMethodWorker.run(TestMethodWorker.java:134)
	at java.base/java.util.ArrayList.forEach(ArrayList.java:1604)
	at org.testng.TestRunner.privateRun(TestRunner.java:741)
	at org.testng.TestRunner.run(TestRunner.java:616)
	at org.testng.SuiteRunner.runTest(SuiteRunner.java:421)
	at org.testng.SuiteRunner.runSequentially(SuiteRunner.java:413)
	at org.testng.SuiteRunner.privateRun(SuiteRunner.java:373)
	at org.testng.SuiteRunner.run(SuiteRunner.java:312)
	at org.testng.SuiteRunnerWorker.runSuite(SuiteRunnerWorker.java:52)
	at org.testng.SuiteRunnerWorker.run(SuiteRunnerWorker.java:95)
	at org.testng.TestNG.runSuitesSequentially(TestNG.java:1274)
	at org.testng.TestNG.runSuitesLocally(TestNG.java:1208)
	at org.testng.TestNG.runSuites(TestNG.java:1112)
	at org.testng.TestNG.run(TestNG.java:1079)
	at org.testng.remote.AbstractRemoteTestNG.run(AbstractRemoteTestNG.java:115)
	at org.testng.remote.RemoteTestNG.initAndRun(RemoteTestNG.java:293)
	at org.testng.remote.RemoteTestNG.main(RemoteTestNG.java:91)
</pre></div></td>
<td>20</td>
<td>Organization_Module.OrganizationLocationsTest@1fa121e2</td></tr>
<tr>
<td title='Organization_Module.OrganizationLOcationDeleteTest.ValidAddTest()'><b>ValidAddTest</b><br>Test class: Organization_Module.OrganizationLOcationDeleteTest<br>Test method: Verify Add valid Location</td>
<td><div><pre>org.openqa.selenium.TimeoutException: Expected condition failed: waiting for visibility of element located by By.xpath: //div[@id=&apos;oxd-toaster_1&apos;] (tried for 10 second(s) with 500 milliseconds interval)
Build info: version: &apos;4.20.0&apos;, revision: &apos;866c76ca80&apos;
System info: os.name: &apos;Windows 11&apos;, os.arch: &apos;amd64&apos;, os.version: &apos;10.0&apos;, java.version: &apos;24.0.1&apos;
Driver info: org.openqa.selenium.chrome.ChromeDriver
Capabilities {acceptInsecureCerts: false, browserName: chrome, browserVersion: 139.0.7258.155, chrome: {chromedriverVersion: 139.0.7258.154 (9e0d6b2b47f..., userDataDir: C:\Users\moham\AppData\Loca...}, fedcm:accounts: true, goog:chromeOptions: {debuggerAddress: localhost:65104}, networkConnectionEnabled: false, pageLoadStrategy: normal, platformName: windows, proxy: Proxy(), se:cdp: ws://localhost:65104/devtoo..., se:cdpVersion: 139.0.7258.155, setWindowRect: true, strictFileInteractability: false, timeouts: {implicit: 0, pageLoad: 300000, script: 30000}, unhandledPromptBehavior: dismiss and notify, webauthn:extension:credBlob: true, webauthn:extension:largeBlob: true, webauthn:extension:minPinLength: true, webauthn:extension:prf: true, webauthn:virtualAuthenticators: true}
Session ID: 309f0a6af118b67d02b86eab03329850
	at org.openqa.selenium.support.ui.WebDriverWait.timeoutException(WebDriverWait.java:84)
	at org.openqa.selenium.support.ui.FluentWait.until(FluentWait.java:228)
	at Organization_Module.OrganizationLocations.getSuccessMessage(OrganizationLocations.java:103)
	at Organization_Module.OrganizationLOcationDeleteTest.ValidAddTest(OrganizationLOcationDeleteTest.java:58)
	at java.base/java.util.ArrayList.forEach(ArrayList.java:1604)
... Removed 25 stack frames</pre></div><a href='#' onClick='toggleBox("stack-trace1129685394", this, "Click to show all stack frames", "Click to hide stack frames")'>Click to show all stack frames</a>
<div class='stack-trace' id='stack-trace1129685394'><pre>org.openqa.selenium.TimeoutException: Expected condition failed: waiting for visibility of element located by By.xpath: //div[@id=&apos;oxd-toaster_1&apos;] (tried for 10 second(s) with 500 milliseconds interval)
Build info: version: &apos;4.20.0&apos;, revision: &apos;866c76ca80&apos;
System info: os.name: &apos;Windows 11&apos;, os.arch: &apos;amd64&apos;, os.version: &apos;10.0&apos;, java.version: &apos;24.0.1&apos;
Driver info: org.openqa.selenium.chrome.ChromeDriver
Capabilities {acceptInsecureCerts: false, browserName: chrome, browserVersion: 139.0.7258.155, chrome: {chromedriverVersion: 139.0.7258.154 (9e0d6b2b47f..., userDataDir: C:\Users\moham\AppData\Loca...}, fedcm:accounts: true, goog:chromeOptions: {debuggerAddress: localhost:65104}, networkConnectionEnabled: false, pageLoadStrategy: normal, platformName: windows, proxy: Proxy(), se:cdp: ws://localhost:65104/devtoo..., se:cdpVersion: 139.0.7258.155, setWindowRect: true, strictFileInteractability: false, timeouts: {implicit: 0, pageLoad: 300000, script: 30000}, unhandledPromptBehavior: dismiss and notify, webauthn:extension:credBlob: true, webauthn:extension:largeBlob: true, webauthn:extension:minPinLength: true, webauthn:extension:prf: true, webauthn:virtualAuthenticators: true}
Session ID: 309f0a6af118b67d02b86eab03329850
	at org.openqa.selenium.support.ui.WebDriverWait.timeoutException(WebDriverWait.java:84)
	at org.openqa.selenium.support.ui.FluentWait.until(FluentWait.java:228)
	at Organization_Module.OrganizationLocations.getSuccessMessage(OrganizationLocations.java:103)
	at Organization_Module.OrganizationLOcationDeleteTest.ValidAddTest(OrganizationLOcationDeleteTest.java:58)
	at java.base/jdk.internal.reflect.DirectMethodHandleAccessor.invoke(DirectMethodHandleAccessor.java:104)
	at java.base/java.lang.reflect.Method.invoke(Method.java:565)
	at org.testng.internal.invokers.MethodInvocationHelper.invokeMethod(MethodInvocationHelper.java:141)
	at org.testng.internal.invokers.TestInvoker.invokeMethod(TestInvoker.java:687)
	at org.testng.internal.invokers.TestInvoker.invokeTestMethod(TestInvoker.java:230)
	at org.testng.internal.invokers.MethodRunner.runInSequence(MethodRunner.java:63)
	at org.testng.internal.invokers.TestInvoker$MethodInvocationAgent.invoke(TestInvoker.java:995)
	at org.testng.internal.invokers.TestInvoker.invokeTestMethods(TestInvoker.java:203)
	at org.testng.internal.invokers.TestMethodWorker.invokeTestMethods(TestMethodWorker.java:154)
	at org.testng.internal.invokers.TestMethodWorker.run(TestMethodWorker.java:134)
	at java.base/java.util.ArrayList.forEach(ArrayList.java:1604)
	at org.testng.TestRunner.privateRun(TestRunner.java:741)
	at org.testng.TestRunner.run(TestRunner.java:616)
	at org.testng.SuiteRunner.runTest(SuiteRunner.java:421)
	at org.testng.SuiteRunner.runSequentially(SuiteRunner.java:413)
	at org.testng.SuiteRunner.privateRun(SuiteRunner.java:373)
	at org.testng.SuiteRunner.run(SuiteRunner.java:312)
	at org.testng.SuiteRunnerWorker.runSuite(SuiteRunnerWorker.java:52)
	at org.testng.SuiteRunnerWorker.run(SuiteRunnerWorker.java:95)
	at org.testng.TestNG.runSuitesSequentially(TestNG.java:1274)
	at org.testng.TestNG.runSuitesLocally(TestNG.java:1208)
	at org.testng.TestNG.runSuites(TestNG.java:1112)
	at org.testng.TestNG.run(TestNG.java:1079)
	at org.testng.remote.AbstractRemoteTestNG.run(AbstractRemoteTestNG.java:115)
	at org.testng.remote.RemoteTestNG.initAndRun(RemoteTestNG.java:293)
	at org.testng.remote.RemoteTestNG.main(RemoteTestNG.java:91)
</pre></div></td>
<td>18</td>
<td>Organization_Module.OrganizationLOcationDeleteTest@4116aac9</td></tr>
<tr>
<td title='Job_Module.JobTitlesTest.deleteAllJobs()'><b>deleteAllJobs</b><br>Test class: Job_Module.JobTitlesTest<br>Test method: TC-16 Verify that the delete All useres Selected works correctly</td>
<td><div><pre>org.openqa.selenium.TimeoutException: Expected condition failed: waiting for element to be clickable: By.xpath: (//div[@class=&apos;oxd-checkbox-wrapper&apos;])[1] (tried for 10 second(s) with 500 milliseconds interval)
Build info: version: &apos;4.20.0&apos;, revision: &apos;866c76ca80&apos;
System info: os.name: &apos;Windows 11&apos;, os.arch: &apos;amd64&apos;, os.version: &apos;10.0&apos;, java.version: &apos;24.0.1&apos;
Driver info: org.openqa.selenium.chrome.ChromeDriver
Capabilities {acceptInsecureCerts: false, browserName: chrome, browserVersion: 139.0.7258.155, chrome: {chromedriverVersion: 139.0.7258.154 (9e0d6b2b47f..., userDataDir: C:\Users\moham\AppData\Loca...}, fedcm:accounts: true, goog:chromeOptions: {debuggerAddress: localhost:65104}, networkConnectionEnabled: false, pageLoadStrategy: normal, platformName: windows, proxy: Proxy(), se:cdp: ws://localhost:65104/devtoo..., se:cdpVersion: 139.0.7258.155, setWindowRect: true, strictFileInteractability: false, timeouts: {implicit: 0, pageLoad: 300000, script: 30000}, unhandledPromptBehavior: dismiss and notify, webauthn:extension:credBlob: true, webauthn:extension:largeBlob: true, webauthn:extension:minPinLength: true, webauthn:extension:prf: true, webauthn:virtualAuthenticators: true}
Session ID: 309f0a6af118b67d02b86eab03329850
	at org.openqa.selenium.support.ui.WebDriverWait.timeoutException(WebDriverWait.java:84)
	at org.openqa.selenium.support.ui.FluentWait.until(FluentWait.java:228)
	at Job_Module.JobTitles.deleteAllUsers(JobTitles.java:169)
	at Job_Module.JobTitlesTest.deleteAllJobs(JobTitlesTest.java:51)
	at java.base/java.util.ArrayList.forEach(ArrayList.java:1604)
... Removed 25 stack frames</pre></div><a href='#' onClick='toggleBox("stack-trace583668290", this, "Click to show all stack frames", "Click to hide stack frames")'>Click to show all stack frames</a>
<div class='stack-trace' id='stack-trace583668290'><pre>org.openqa.selenium.TimeoutException: Expected condition failed: waiting for element to be clickable: By.xpath: (//div[@class=&apos;oxd-checkbox-wrapper&apos;])[1] (tried for 10 second(s) with 500 milliseconds interval)
Build info: version: &apos;4.20.0&apos;, revision: &apos;866c76ca80&apos;
System info: os.name: &apos;Windows 11&apos;, os.arch: &apos;amd64&apos;, os.version: &apos;10.0&apos;, java.version: &apos;24.0.1&apos;
Driver info: org.openqa.selenium.chrome.ChromeDriver
Capabilities {acceptInsecureCerts: false, browserName: chrome, browserVersion: 139.0.7258.155, chrome: {chromedriverVersion: 139.0.7258.154 (9e0d6b2b47f..., userDataDir: C:\Users\moham\AppData\Loca...}, fedcm:accounts: true, goog:chromeOptions: {debuggerAddress: localhost:65104}, networkConnectionEnabled: false, pageLoadStrategy: normal, platformName: windows, proxy: Proxy(), se:cdp: ws://localhost:65104/devtoo..., se:cdpVersion: 139.0.7258.155, setWindowRect: true, strictFileInteractability: false, timeouts: {implicit: 0, pageLoad: 300000, script: 30000}, unhandledPromptBehavior: dismiss and notify, webauthn:extension:credBlob: true, webauthn:extension:largeBlob: true, webauthn:extension:minPinLength: true, webauthn:extension:prf: true, webauthn:virtualAuthenticators: true}
Session ID: 309f0a6af118b67d02b86eab03329850
	at org.openqa.selenium.support.ui.WebDriverWait.timeoutException(WebDriverWait.java:84)
	at org.openqa.selenium.support.ui.FluentWait.until(FluentWait.java:228)
	at Job_Module.JobTitles.deleteAllUsers(JobTitles.java:169)
	at Job_Module.JobTitlesTest.deleteAllJobs(JobTitlesTest.java:51)
	at java.base/jdk.internal.reflect.DirectMethodHandleAccessor.invoke(DirectMethodHandleAccessor.java:104)
	at java.base/java.lang.reflect.Method.invoke(Method.java:565)
	at org.testng.internal.invokers.MethodInvocationHelper.invokeMethod(MethodInvocationHelper.java:141)
	at org.testng.internal.invokers.TestInvoker.invokeMethod(TestInvoker.java:687)
	at org.testng.internal.invokers.TestInvoker.invokeTestMethod(TestInvoker.java:230)
	at org.testng.internal.invokers.MethodRunner.runInSequence(MethodRunner.java:63)
	at org.testng.internal.invokers.TestInvoker$MethodInvocationAgent.invoke(TestInvoker.java:995)
	at org.testng.internal.invokers.TestInvoker.invokeTestMethods(TestInvoker.java:203)
	at org.testng.internal.invokers.TestMethodWorker.invokeTestMethods(TestMethodWorker.java:154)
	at org.testng.internal.invokers.TestMethodWorker.run(TestMethodWorker.java:134)
	at java.base/java.util.ArrayList.forEach(ArrayList.java:1604)
	at org.testng.TestRunner.privateRun(TestRunner.java:741)
	at org.testng.TestRunner.run(TestRunner.java:616)
	at org.testng.SuiteRunner.runTest(SuiteRunner.java:421)
	at org.testng.SuiteRunner.runSequentially(SuiteRunner.java:413)
	at org.testng.SuiteRunner.privateRun(SuiteRunner.java:373)
	at org.testng.SuiteRunner.run(SuiteRunner.java:312)
	at org.testng.SuiteRunnerWorker.runSuite(SuiteRunnerWorker.java:52)
	at org.testng.SuiteRunnerWorker.run(SuiteRunnerWorker.java:95)
	at org.testng.TestNG.runSuitesSequentially(TestNG.java:1274)
	at org.testng.TestNG.runSuitesLocally(TestNG.java:1208)
	at org.testng.TestNG.runSuites(TestNG.java:1112)
	at org.testng.TestNG.run(TestNG.java:1079)
	at org.testng.remote.AbstractRemoteTestNG.run(AbstractRemoteTestNG.java:115)
	at org.testng.remote.RemoteTestNG.initAndRun(RemoteTestNG.java:293)
	at org.testng.remote.RemoteTestNG.main(RemoteTestNG.java:91)
</pre></div></td>
<td>24</td>
<td>Job_Module.JobTitlesTest@dd05255</td></tr>
<tr>
<td title='Organization_Module.OrganizationLocationsTest.ValidNameSearch()'><b>ValidNameSearch</b><br>Test class: Organization_Module.OrganizationLocationsTest<br>Test method: Verify Search with valid name</td>
<td><div><pre>java.lang.AssertionError: The following asserts failed:
	doesnt match expected [Cairo20] but found []
	at Organization_Module.OrganizationLocationsTest.ValidNameSearch(OrganizationLocationsTest.java:43)
	at java.base/java.util.ArrayList.forEach(ArrayList.java:1604)
... Removed 27 stack frames</pre></div><a href='#' onClick='toggleBox("stack-trace1427892145", this, "Click to show all stack frames", "Click to hide stack frames")'>Click to show all stack frames</a>
<div class='stack-trace' id='stack-trace1427892145'><pre>java.lang.AssertionError: The following asserts failed:
	doesnt match expected [Cairo20] but found []
	at org.testng.asserts.SoftAssert.assertAll(SoftAssert.java:46)
	at org.testng.asserts.SoftAssert.assertAll(SoftAssert.java:30)
	at Organization_Module.OrganizationLocationsTest.ValidNameSearch(OrganizationLocationsTest.java:43)
	at java.base/jdk.internal.reflect.DirectMethodHandleAccessor.invoke(DirectMethodHandleAccessor.java:104)
	at java.base/java.lang.reflect.Method.invoke(Method.java:565)
	at org.testng.internal.invokers.MethodInvocationHelper.invokeMethod(MethodInvocationHelper.java:141)
	at org.testng.internal.invokers.TestInvoker.invokeMethod(TestInvoker.java:687)
	at org.testng.internal.invokers.TestInvoker.invokeTestMethod(TestInvoker.java:230)
	at org.testng.internal.invokers.MethodRunner.runInSequence(MethodRunner.java:63)
	at org.testng.internal.invokers.TestInvoker$MethodInvocationAgent.invoke(TestInvoker.java:995)
	at org.testng.internal.invokers.TestInvoker.invokeTestMethods(TestInvoker.java:203)
	at org.testng.internal.invokers.TestMethodWorker.invokeTestMethods(TestMethodWorker.java:154)
	at org.testng.internal.invokers.TestMethodWorker.run(TestMethodWorker.java:134)
	at java.base/java.util.ArrayList.forEach(ArrayList.java:1604)
	at org.testng.TestRunner.privateRun(TestRunner.java:741)
	at org.testng.TestRunner.run(TestRunner.java:616)
	at org.testng.SuiteRunner.runTest(SuiteRunner.java:421)
	at org.testng.SuiteRunner.runSequentially(SuiteRunner.java:413)
	at org.testng.SuiteRunner.privateRun(SuiteRunner.java:373)
	at org.testng.SuiteRunner.run(SuiteRunner.java:312)
	at org.testng.SuiteRunnerWorker.runSuite(SuiteRunnerWorker.java:52)
	at org.testng.SuiteRunnerWorker.run(SuiteRunnerWorker.java:95)
	at org.testng.TestNG.runSuitesSequentially(TestNG.java:1274)
	at org.testng.TestNG.runSuitesLocally(TestNG.java:1208)
	at org.testng.TestNG.runSuites(TestNG.java:1112)
	at org.testng.TestNG.run(TestNG.java:1079)
	at org.testng.remote.AbstractRemoteTestNG.run(AbstractRemoteTestNG.java:115)
	at org.testng.remote.RemoteTestNG.initAndRun(RemoteTestNG.java:293)
	at org.testng.remote.RemoteTestNG.main(RemoteTestNG.java:91)
</pre></div></td>
<td>3</td>
<td>Organization_Module.OrganizationLocationsTest@1fa121e2</td></tr>
<tr>
<td title='Organization_Module.OrganizationLocationsTest.ValidCitySearch()'><b>ValidCitySearch</b><br>Test class: Organization_Module.OrganizationLocationsTest<br>Test method: Verify Search with valid city</td>
<td><div><pre>org.openqa.selenium.TimeoutException: Expected condition failed: waiting for number of elements found by By.cssSelector: div.oxd-table-body div.oxd-table-card to be more than &quot;0&quot;. Current number: &quot;0&quot; (tried for 10 second(s) with 500 milliseconds interval)
Build info: version: &apos;4.20.0&apos;, revision: &apos;866c76ca80&apos;
System info: os.name: &apos;Windows 11&apos;, os.arch: &apos;amd64&apos;, os.version: &apos;10.0&apos;, java.version: &apos;24.0.1&apos;
Driver info: org.openqa.selenium.chrome.ChromeDriver
Capabilities {acceptInsecureCerts: false, browserName: chrome, browserVersion: 139.0.7258.155, chrome: {chromedriverVersion: 139.0.7258.154 (9e0d6b2b47f..., userDataDir: C:\Users\moham\AppData\Loca...}, fedcm:accounts: true, goog:chromeOptions: {debuggerAddress: localhost:65104}, networkConnectionEnabled: false, pageLoadStrategy: normal, platformName: windows, proxy: Proxy(), se:cdp: ws://localhost:65104/devtoo..., se:cdpVersion: 139.0.7258.155, setWindowRect: true, strictFileInteractability: false, timeouts: {implicit: 0, pageLoad: 300000, script: 30000}, unhandledPromptBehavior: dismiss and notify, webauthn:extension:credBlob: true, webauthn:extension:largeBlob: true, webauthn:extension:minPinLength: true, webauthn:extension:prf: true, webauthn:virtualAuthenticators: true}
Session ID: 309f0a6af118b67d02b86eab03329850
	at org.openqa.selenium.support.ui.WebDriverWait.timeoutException(WebDriverWait.java:84)
	at org.openqa.selenium.support.ui.FluentWait.until(FluentWait.java:228)
	at Organization_Module.LocationSearchReset.getRowCells(LocationSearchReset.java:75)
	at Organization_Module.OrganizationLocationsTest.ValidCitySearch(OrganizationLocationsTest.java:51)
	at java.base/java.util.ArrayList.forEach(ArrayList.java:1604)
... Removed 25 stack frames</pre></div><a href='#' onClick='toggleBox("stack-trace2108449319", this, "Click to show all stack frames", "Click to hide stack frames")'>Click to show all stack frames</a>
<div class='stack-trace' id='stack-trace2108449319'><pre>org.openqa.selenium.TimeoutException: Expected condition failed: waiting for number of elements found by By.cssSelector: div.oxd-table-body div.oxd-table-card to be more than &quot;0&quot;. Current number: &quot;0&quot; (tried for 10 second(s) with 500 milliseconds interval)
Build info: version: &apos;4.20.0&apos;, revision: &apos;866c76ca80&apos;
System info: os.name: &apos;Windows 11&apos;, os.arch: &apos;amd64&apos;, os.version: &apos;10.0&apos;, java.version: &apos;24.0.1&apos;
Driver info: org.openqa.selenium.chrome.ChromeDriver
Capabilities {acceptInsecureCerts: false, browserName: chrome, browserVersion: 139.0.7258.155, chrome: {chromedriverVersion: 139.0.7258.154 (9e0d6b2b47f..., userDataDir: C:\Users\moham\AppData\Loca...}, fedcm:accounts: true, goog:chromeOptions: {debuggerAddress: localhost:65104}, networkConnectionEnabled: false, pageLoadStrategy: normal, platformName: windows, proxy: Proxy(), se:cdp: ws://localhost:65104/devtoo..., se:cdpVersion: 139.0.7258.155, setWindowRect: true, strictFileInteractability: false, timeouts: {implicit: 0, pageLoad: 300000, script: 30000}, unhandledPromptBehavior: dismiss and notify, webauthn:extension:credBlob: true, webauthn:extension:largeBlob: true, webauthn:extension:minPinLength: true, webauthn:extension:prf: true, webauthn:virtualAuthenticators: true}
Session ID: 309f0a6af118b67d02b86eab03329850
	at org.openqa.selenium.support.ui.WebDriverWait.timeoutException(WebDriverWait.java:84)
	at org.openqa.selenium.support.ui.FluentWait.until(FluentWait.java:228)
	at Organization_Module.LocationSearchReset.getRowCells(LocationSearchReset.java:75)
	at Organization_Module.OrganizationLocationsTest.ValidCitySearch(OrganizationLocationsTest.java:51)
	at java.base/jdk.internal.reflect.DirectMethodHandleAccessor.invoke(DirectMethodHandleAccessor.java:104)
	at java.base/java.lang.reflect.Method.invoke(Method.java:565)
	at org.testng.internal.invokers.MethodInvocationHelper.invokeMethod(MethodInvocationHelper.java:141)
	at org.testng.internal.invokers.TestInvoker.invokeMethod(TestInvoker.java:687)
	at org.testng.internal.invokers.TestInvoker.invokeTestMethod(TestInvoker.java:230)
	at org.testng.internal.invokers.MethodRunner.runInSequence(MethodRunner.java:63)
	at org.testng.internal.invokers.TestInvoker$MethodInvocationAgent.invoke(TestInvoker.java:995)
	at org.testng.internal.invokers.TestInvoker.invokeTestMethods(TestInvoker.java:203)
	at org.testng.internal.invokers.TestMethodWorker.invokeTestMethods(TestMethodWorker.java:154)
	at org.testng.internal.invokers.TestMethodWorker.run(TestMethodWorker.java:134)
	at java.base/java.util.ArrayList.forEach(ArrayList.java:1604)
	at org.testng.TestRunner.privateRun(TestRunner.java:741)
	at org.testng.TestRunner.run(TestRunner.java:616)
	at org.testng.SuiteRunner.runTest(SuiteRunner.java:421)
	at org.testng.SuiteRunner.runSequentially(SuiteRunner.java:413)
	at org.testng.SuiteRunner.privateRun(SuiteRunner.java:373)
	at org.testng.SuiteRunner.run(SuiteRunner.java:312)
	at org.testng.SuiteRunnerWorker.runSuite(SuiteRunnerWorker.java:52)
	at org.testng.SuiteRunnerWorker.run(SuiteRunnerWorker.java:95)
	at org.testng.TestNG.runSuitesSequentially(TestNG.java:1274)
	at org.testng.TestNG.runSuitesLocally(TestNG.java:1208)
	at org.testng.TestNG.runSuites(TestNG.java:1112)
	at org.testng.TestNG.run(TestNG.java:1079)
	at org.testng.remote.AbstractRemoteTestNG.run(AbstractRemoteTestNG.java:115)
	at org.testng.remote.RemoteTestNG.initAndRun(RemoteTestNG.java:293)
	at org.testng.remote.RemoteTestNG.main(RemoteTestNG.java:91)
</pre></div></td>
<td>13</td>
<td>Organization_Module.OrganizationLocationsTest@1fa121e2</td></tr>
<tr>
<td title='Organization_Module.OrganizationLocationAddTest.inValidAddTest()'><b>inValidAddTest</b><br>Test class: Organization_Module.OrganizationLocationAddTest<br>Test method: Verify Add invalid Location blank required fields</td>
<td><div><pre>org.openqa.selenium.ElementClickInterceptedException: element click intercepted: Element &lt;button data-v-10d463b7=&quot;&quot; type=&quot;submit&quot; class=&quot;oxd-button oxd-button--medium oxd-button--secondary orangehrm-left-space&quot;&gt;...&lt;/button&gt; is not clickable at point (1402, 676). Other element would receive the click: &lt;div data-v-d130bb63=&quot;&quot; data-v-13cf171c=&quot;&quot; role=&quot;option&quot; class=&quot;oxd-select-option&quot;&gt;...&lt;/div&gt;
  (Session info: chrome=139.0.7258.155)
Build info: version: &apos;4.20.0&apos;, revision: &apos;866c76ca80&apos;
System info: os.name: &apos;Windows 11&apos;, os.arch: &apos;amd64&apos;, os.version: &apos;10.0&apos;, java.version: &apos;24.0.1&apos;
Driver info: org.openqa.selenium.chrome.ChromeDriver
Command: [309f0a6af118b67d02b86eab03329850, clickElement {id=f.C721154D6E48D29BE12FAB0F3E6A97A0.d.C2B65DE2B0B3CA6DAFABDA171831E221.e.2717}]
Capabilities {acceptInsecureCerts: false, browserName: chrome, browserVersion: 139.0.7258.155, chrome: {chromedriverVersion: 139.0.7258.154 (9e0d6b2b47f..., userDataDir: C:\Users\moham\AppData\Loca...}, fedcm:accounts: true, goog:chromeOptions: {debuggerAddress: localhost:65104}, networkConnectionEnabled: false, pageLoadStrategy: normal, platformName: windows, proxy: Proxy(), se:cdp: ws://localhost:65104/devtoo..., se:cdpVersion: 139.0.7258.155, setWindowRect: true, strictFileInteractability: false, timeouts: {implicit: 0, pageLoad: 300000, script: 30000}, unhandledPromptBehavior: dismiss and notify, webauthn:extension:credBlob: true, webauthn:extension:largeBlob: true, webauthn:extension:minPinLength: true, webauthn:extension:prf: true, webauthn:virtualAuthenticators: true}
Element: [[ChromeDriver: chrome on windows (309f0a6af118b67d02b86eab03329850)] -&gt; xpath: //button[@type=&apos;submit&apos;]]
Session ID: 309f0a6af118b67d02b86eab03329850
	at org.openqa.selenium.remote.ErrorCodec.decode(ErrorCodec.java:167)
	at org.openqa.selenium.remote.codec.w3c.W3CHttpResponseCodec.decode(W3CHttpResponseCodec.java:138)
	at org.openqa.selenium.remote.codec.w3c.W3CHttpResponseCodec.decode(W3CHttpResponseCodec.java:50)
	at org.openqa.selenium.remote.HttpCommandExecutor.execute(HttpCommandExecutor.java:190)
	at org.openqa.selenium.remote.service.DriverCommandExecutor.invokeExecute(DriverCommandExecutor.java:216)
	at org.openqa.selenium.remote.service.DriverCommandExecutor.execute(DriverCommandExecutor.java:174)
	at org.openqa.selenium.remote.RemoteWebDriver.execute(RemoteWebDriver.java:518)
	at org.openqa.selenium.remote.RemoteWebElement.execute(RemoteWebElement.java:223)
	at org.openqa.selenium.remote.RemoteWebElement.click(RemoteWebElement.java:76)
	at Organization_Module.OrganizationLocations.SaveAdd(OrganizationLocations.java:95)
	at Organization_Module.OrganizationLocationAddTest.inValidAddTest(OrganizationLocationAddTest.java:43)
	at java.base/java.util.ArrayList.forEach(ArrayList.java:1604)
... Removed 28 stack frames</pre></div><a href='#' onClick='toggleBox("stack-trace555744208", this, "Click to show all stack frames", "Click to hide stack frames")'>Click to show all stack frames</a>
<div class='stack-trace' id='stack-trace555744208'><pre>org.openqa.selenium.ElementClickInterceptedException: element click intercepted: Element &lt;button data-v-10d463b7=&quot;&quot; type=&quot;submit&quot; class=&quot;oxd-button oxd-button--medium oxd-button--secondary orangehrm-left-space&quot;&gt;...&lt;/button&gt; is not clickable at point (1402, 676). Other element would receive the click: &lt;div data-v-d130bb63=&quot;&quot; data-v-13cf171c=&quot;&quot; role=&quot;option&quot; class=&quot;oxd-select-option&quot;&gt;...&lt;/div&gt;
  (Session info: chrome=139.0.7258.155)
Build info: version: &apos;4.20.0&apos;, revision: &apos;866c76ca80&apos;
System info: os.name: &apos;Windows 11&apos;, os.arch: &apos;amd64&apos;, os.version: &apos;10.0&apos;, java.version: &apos;24.0.1&apos;
Driver info: org.openqa.selenium.chrome.ChromeDriver
Command: [309f0a6af118b67d02b86eab03329850, clickElement {id=f.C721154D6E48D29BE12FAB0F3E6A97A0.d.C2B65DE2B0B3CA6DAFABDA171831E221.e.2717}]
Capabilities {acceptInsecureCerts: false, browserName: chrome, browserVersion: 139.0.7258.155, chrome: {chromedriverVersion: 139.0.7258.154 (9e0d6b2b47f..., userDataDir: C:\Users\moham\AppData\Loca...}, fedcm:accounts: true, goog:chromeOptions: {debuggerAddress: localhost:65104}, networkConnectionEnabled: false, pageLoadStrategy: normal, platformName: windows, proxy: Proxy(), se:cdp: ws://localhost:65104/devtoo..., se:cdpVersion: 139.0.7258.155, setWindowRect: true, strictFileInteractability: false, timeouts: {implicit: 0, pageLoad: 300000, script: 30000}, unhandledPromptBehavior: dismiss and notify, webauthn:extension:credBlob: true, webauthn:extension:largeBlob: true, webauthn:extension:minPinLength: true, webauthn:extension:prf: true, webauthn:virtualAuthenticators: true}
Element: [[ChromeDriver: chrome on windows (309f0a6af118b67d02b86eab03329850)] -&gt; xpath: //button[@type=&apos;submit&apos;]]
Session ID: 309f0a6af118b67d02b86eab03329850
	at java.base/jdk.internal.reflect.DirectConstructorHandleAccessor.newInstance(DirectConstructorHandleAccessor.java:62)
	at java.base/java.lang.reflect.Constructor.newInstanceWithCaller(Constructor.java:499)
	at java.base/java.lang.reflect.Constructor.newInstance(Constructor.java:483)
	at org.openqa.selenium.remote.ErrorCodec.decode(ErrorCodec.java:167)
	at org.openqa.selenium.remote.codec.w3c.W3CHttpResponseCodec.decode(W3CHttpResponseCodec.java:138)
	at org.openqa.selenium.remote.codec.w3c.W3CHttpResponseCodec.decode(W3CHttpResponseCodec.java:50)
	at org.openqa.selenium.remote.HttpCommandExecutor.execute(HttpCommandExecutor.java:190)
	at org.openqa.selenium.remote.service.DriverCommandExecutor.invokeExecute(DriverCommandExecutor.java:216)
	at org.openqa.selenium.remote.service.DriverCommandExecutor.execute(DriverCommandExecutor.java:174)
	at org.openqa.selenium.remote.RemoteWebDriver.execute(RemoteWebDriver.java:518)
	at org.openqa.selenium.remote.RemoteWebElement.execute(RemoteWebElement.java:223)
	at org.openqa.selenium.remote.RemoteWebElement.click(RemoteWebElement.java:76)
	at Organization_Module.OrganizationLocations.SaveAdd(OrganizationLocations.java:95)
	at Organization_Module.OrganizationLocationAddTest.inValidAddTest(OrganizationLocationAddTest.java:43)
	at java.base/jdk.internal.reflect.DirectMethodHandleAccessor.invoke(DirectMethodHandleAccessor.java:104)
	at java.base/java.lang.reflect.Method.invoke(Method.java:565)
	at org.testng.internal.invokers.MethodInvocationHelper.invokeMethod(MethodInvocationHelper.java:141)
	at org.testng.internal.invokers.TestInvoker.invokeMethod(TestInvoker.java:687)
	at org.testng.internal.invokers.TestInvoker.invokeTestMethod(TestInvoker.java:230)
	at org.testng.internal.invokers.MethodRunner.runInSequence(MethodRunner.java:63)
	at org.testng.internal.invokers.TestInvoker$MethodInvocationAgent.invoke(TestInvoker.java:995)
	at org.testng.internal.invokers.TestInvoker.invokeTestMethods(TestInvoker.java:203)
	at org.testng.internal.invokers.TestMethodWorker.invokeTestMethods(TestMethodWorker.java:154)
	at org.testng.internal.invokers.TestMethodWorker.run(TestMethodWorker.java:134)
	at java.base/java.util.ArrayList.forEach(ArrayList.java:1604)
	at org.testng.TestRunner.privateRun(TestRunner.java:741)
	at org.testng.TestRunner.run(TestRunner.java:616)
	at org.testng.SuiteRunner.runTest(SuiteRunner.java:421)
	at org.testng.SuiteRunner.runSequentially(SuiteRunner.java:413)
	at org.testng.SuiteRunner.privateRun(SuiteRunner.java:373)
	at org.testng.SuiteRunner.run(SuiteRunner.java:312)
	at org.testng.SuiteRunnerWorker.runSuite(SuiteRunnerWorker.java:52)
	at org.testng.SuiteRunnerWorker.run(SuiteRunnerWorker.java:95)
	at org.testng.TestNG.runSuitesSequentially(TestNG.java:1274)
	at org.testng.TestNG.runSuitesLocally(TestNG.java:1208)
	at org.testng.TestNG.runSuites(TestNG.java:1112)
	at org.testng.TestNG.run(TestNG.java:1079)
	at org.testng.remote.AbstractRemoteTestNG.run(AbstractRemoteTestNG.java:115)
	at org.testng.remote.RemoteTestNG.initAndRun(RemoteTestNG.java:293)
	at org.testng.remote.RemoteTestNG.main(RemoteTestNG.java:91)
</pre></div></td>
<td>13</td>
<td>Organization_Module.OrganizationLocationAddTest@77c2494c</td></tr>
</table><p>
<table width='100%' border='1' class='invocation-passed'>
<tr><td colspan='4' align='center'><b>PASSED TESTS</b></td></tr>
<tr><td><b>Test method</b></td>
<td><b>Attribute(s)</b></td>
<td width="30%"><b>Exception</b></td>
<td width="10%"><b>Time (seconds)</b></td>
<td><b>Instance</b></td>
</tr>
<tr>
<td title='Job_Module.EmploymentStatusTest.testDuplicateEmploymentStatusNotAllowed()'><b>testDuplicateEmploymentStatusNotAllowed</b><br>Test class: Job_Module.EmploymentStatusTest<br>Test method: TC-06 Verify that the system does not allow adding duplicate employment status</td>
<td></td>
<td>9</td>
<td>Job_Module.EmploymentStatusTest@2f4948e4</td></tr>
<tr>
<td title='Job_Module.JobCategoriesTest.testEditJobCategory()'><b>testEditJobCategory</b><br>Test class: Job_Module.JobCategoriesTest<br>Test method: TC-10 Verify an admin can edit an existing job category</td>
<td></td>
<td>3</td>
<td>Job_Module.JobCategoriesTest@1f2586d6</td></tr>
<tr>
<td title='User_Management_Module.UserManagementTest.deleteAllUser()'><b>deleteAllUser</b><br>Test class: User_Management_Module.UserManagementTest<br>Test method: TC-11 Verify that the delete All useres Selected works correctly</td>
<td></td>
<td>5</td>
<td>User_Management_Module.UserManagementTest@7e6f74c</td></tr>
<tr>
<td title='Organization_Module.OrganizationGeneralInfoTest.InvalidEmailTest()'><b>InvalidEmailTest</b><br>Test class: Organization_Module.OrganizationGeneralInfoTest<br>Test method: Verify invalidEmail</td>
<td></td>
<td>2</td>
<td>Organization_Module.OrganizationGeneralInfoTest@477b4cdf</td></tr>
<tr>
<td title='Job_Module.PayGradesTest.editPayGradeName()'><b>editPayGradeName</b><br>Test class: Job_Module.PayGradesTest<br>Test method: TC-09 Edit Pay Grade name</td>
<td></td>
<td>7</td>
<td>Job_Module.PayGradesTest@6a78afa0</td></tr>
<tr>
<td title='Organization_Module.OrganizationLOcationDeleteTest.DeleteMultipleTest()'><b>DeleteMultipleTest</b><br>Test class: Organization_Module.OrganizationLOcationDeleteTest<br>Test method: Verify Delete multiple record</td>
<td></td>
<td>12</td>
<td>Organization_Module.OrganizationLOcationDeleteTest@4116aac9</td></tr>
<tr>
<td title='Organization_Module.OrganizationLOcationDeleteTest.CancelTest()'><b>CancelTest</b><br>Test class: Organization_Module.OrganizationLOcationDeleteTest<br>Test method: Verify Cancel Button</td>
<td></td>
<td>2</td>
<td>Organization_Module.OrganizationLOcationDeleteTest@4116aac9</td></tr>
<tr>
<td title='Organization_Module.OrganizationLOcationDeleteTest.DeleteAllRecordsTest()'><b>DeleteAllRecordsTest</b><br>Test class: Organization_Module.OrganizationLOcationDeleteTest<br>Test method: Verify Delete All Records</td>
<td></td>
<td>3</td>
<td>Organization_Module.OrganizationLOcationDeleteTest@4116aac9</td></tr>
<tr>
<td title='Job_Module.WorkShiftsTest.editDayShiftToDayShift2()'><b>editDayShiftToDayShift2</b><br>Test class: Job_Module.WorkShiftsTest<br>Test method: TC-18 Verify Admin can edit an existing Work Shift</td>
<td></td>
<td>3</td>
<td>Job_Module.WorkShiftsTest@10683d9d</td></tr>
<tr>
<td title='Job_Module.WorkShiftsTest.addValidWorkShift()'><b>addValidWorkShift</b><br>Test class: Job_Module.WorkShiftsTest<br>Test method: TC-14 Verify Admin can add a new Work Shift with valid details</td>
<td></td>
<td>7</td>
<td>Job_Module.WorkShiftsTest@10683d9d</td></tr>
<tr>
<td title='Job_Module.PayGradesTest.verifyNegativeSalaryWarning()'><b>verifyNegativeSalaryWarning</b><br>Test class: Job_Module.PayGradesTest<br>Test method: TC-21 Negative salary values</td>
<td></td>
<td>0</td>
<td>Job_Module.PayGradesTest@6a78afa0</td></tr>
<tr>
<td title='PIM_Module.AddEmployeeTest.cancelAddEmployeeTest()'><b>cancelAddEmployeeTest</b><br>Test class: PIM_Module.AddEmployeeTest</td>
<td></td>
<td>4</td>
<td>PIM_Module.AddEmployeeTest@62ddbd7e</td></tr>
<tr>
<td title='Job_Module.EmploymentStatusTest.testEditEmploymentStatus()'><b>testEditEmploymentStatus</b><br>Test class: Job_Module.EmploymentStatusTest<br>Test method: TC-03 Verify that admin can edit an existing employment status</td>
<td></td>
<td>4</td>
<td>Job_Module.EmploymentStatusTest@2f4948e4</td></tr>
<tr>
<td title='Organization_Module.OrganizationGeneralInfoTest.InvalidPhoneNumberTest()'><b>InvalidPhoneNumberTest</b><br>Test class: Organization_Module.OrganizationGeneralInfoTest<br>Test method: Verify invalid phone Number</td>
<td></td>
<td>2</td>
<td>Organization_Module.OrganizationGeneralInfoTest@477b4cdf</td></tr>
<tr>
<td title='Job_Module.PayGradesTest.deleteAllPayGrades()'><b>deleteAllPayGrades</b><br>Test class: Job_Module.PayGradesTest<br>Test method: TC-25 Delete all grades</td>
<td></td>
<td>3</td>
<td>Job_Module.PayGradesTest@6a78afa0</td></tr>
<tr>
<td title='Job_Module.WorkShiftsTest.deleteSingleWorkShift()'><b>deleteSingleWorkShift</b><br>Test class: Job_Module.WorkShiftsTest<br>Test method: TC-19 Verify Admin can delete an existing Work Shift</td>
<td></td>
<td>1</td>
<td>Job_Module.WorkShiftsTest@10683d9d</td></tr>
<tr>
<td title='Job_Module.JobCategoriesTest.testJobCategoryFieldCannotBeBlank()'><b>testJobCategoryFieldCannotBeBlank</b><br>Test class: Job_Module.JobCategoriesTest<br>Test method: TC-08 Verify system behavior when trying to add a Job Category without entering any data</td>
<td></td>
<td>2</td>
<td>Job_Module.JobCategoriesTest@1f2586d6</td></tr>
<tr>
<td title='Job_Module.PayGradesTest.editCurrencyDetails()'><b>editCurrencyDetails</b><br>Test class: Job_Module.PayGradesTest<br>Test method: TC-27 Edit Currency Min/Max values</td>
<td></td>
<td>6</td>
<td>Job_Module.PayGradesTest@6a78afa0</td></tr>
<tr>
<td title='Organization_Module.OrganizationGeneralInfoTest.OrganizationNameTest()'><b>OrganizationNameTest</b><br>Test class: Organization_Module.OrganizationGeneralInfoTest<br>Test method: Verify edit organizationName</td>
<td></td>
<td>2</td>
<td>Organization_Module.OrganizationGeneralInfoTest@477b4cdf</td></tr>
<tr>
<td title='Job_Module.JobTitlesTest.checkRequiredFields()'><b>checkRequiredFields</b><br>Test class: Job_Module.JobTitlesTest<br>Test method: TC-14 Verify required fields</td>
<td></td>
<td>4</td>
<td>Job_Module.JobTitlesTest@dd05255</td></tr>
<tr>
<td title='Organization_Module.OrganizationLocationAddTest.ValidAddTest()'><b>ValidAddTest</b><br>Test class: Organization_Module.OrganizationLocationAddTest<br>Test method: Verify Add valid Location</td>
<td></td>
<td>9</td>
<td>Organization_Module.OrganizationLocationAddTest@77c2494c</td></tr>
<tr>
<td title='PIM_Module.AddEmployeeTest.invalidAddEmployeeWithTooLargeData()'><b>invalidAddEmployeeWithTooLargeData</b><br>Test class: PIM_Module.AddEmployeeTest</td>
<td></td>
<td>3</td>
<td>PIM_Module.AddEmployeeTest@62ddbd7e</td></tr>
<tr>
<td title='Job_Module.JobTitlesTest.editJobTitle()'><b>editJobTitle</b><br>Test class: Job_Module.JobTitlesTest<br>Test method: TC-17 Edit Job Title works correctly</td>
<td></td>
<td>8</td>
<td>Job_Module.JobTitlesTest@dd05255</td></tr>
<tr>
<td title='QABootcamp_Maven.OrangeHRM.LogInTest.logIn()'><b>logIn</b><br>Test class: QABootcamp_Maven.OrangeHRM.LogInTest<br>Parameters: , , Invalid credentials</td>
<td></td>
<td>0</td>
<td>QABootcamp_Maven.OrangeHRM.LogInTest@815b41f</td></tr>
<tr>
<td title='Job_Module.JobCategoriesTest.testAddJobCategoryValidInput()'><b>testAddJobCategoryValidInput</b><br>Test class: Job_Module.JobCategoriesTest<br>Test method: TC-07 Verify that a Job category can be added successfully with valid input</td>
<td></td>
<td>3</td>
<td>Job_Module.JobCategoriesTest@1f2586d6</td></tr>
<tr>
<td title='Organization_Module.OrganizationLocationEditTest.ValidEditTest()'><b>ValidEditTest</b><br>Test class: Organization_Module.OrganizationLocationEditTest<br>Test method: Verify Update valid Location</td>
<td></td>
<td>10</td>
<td>Organization_Module.OrganizationLocationEditTest@7eac9008</td></tr>
<tr>
<td title='Organization_Module.OrganizationLocationsTest.ResetTest()'><b>ResetTest</b><br>Test class: Organization_Module.OrganizationLocationsTest<br>Test method: Verify reset button</td>
<td></td>
<td>9</td>
<td>Organization_Module.OrganizationLocationsTest@1fa121e2</td></tr>
<tr>
<td title='Organization_Module.OrganizationGeneralInfoTest.InvalidBlankEditTest()'><b>InvalidBlankEditTest</b><br>Test class: Organization_Module.OrganizationGeneralInfoTest<br>Test method: Verify admin can edit general information by leave required field empty</td>
<td></td>
<td>2</td>
<td>Organization_Module.OrganizationGeneralInfoTest@477b4cdf</td></tr>
<tr>
<td title='Job_Module.JobTitlesTest.addJobTitle()'><b>addJobTitle</b><br>Test class: Job_Module.JobTitlesTest<br>Test method: TC-13 Add valid job title</td>
<td></td>
<td>11</td>
<td>Job_Module.JobTitlesTest@dd05255</td></tr>
<tr>
<td title='Organization_Module.OrganizationLocationsTest.inValidSearch()'><b>inValidSearch</b><br>Test class: Organization_Module.OrganizationLocationsTest<br>Test method: Verify Search with invalid data </td>
<td></td>
<td>13</td>
<td>Organization_Module.OrganizationLocationsTest@1fa121e2</td></tr>
<tr>
<td title='Job_Module.WorkShiftsTest.deleteMultipleWorkShifts()'><b>deleteMultipleWorkShifts</b><br>Test class: Job_Module.WorkShiftsTest<br>Test method: TC-20 Verify Admin can delete multiple Work Shifts at the same time</td>
<td></td>
<td>1</td>
<td>Job_Module.WorkShiftsTest@10683d9d</td></tr>
<tr>
<td title='User_Management_Module.UserManagementTest.searchUser()'><b>searchUser</b><br>Test class: User_Management_Module.UserManagementTest<br>Test method: TC-05 Verify search works correctly</td>
<td></td>
<td>1</td>
<td>User_Management_Module.UserManagementTest@7e6f74c</td></tr>
<tr>
<td title='Organization_Module.OrganizationLOcationDeleteTest.ValidAddTest2()'><b>ValidAddTest2</b><br>Test class: Organization_Module.OrganizationLOcationDeleteTest<br>Test method: Verify Add valid Location</td>
<td></td>
<td>9</td>
<td>Organization_Module.OrganizationLOcationDeleteTest@4116aac9</td></tr>
<tr>
<td title='User_Management_Module.UserManagementTest.editUser()'><b>editUser</b><br>Test class: User_Management_Module.UserManagementTest<br>Test method: TC-12 Verify that the edit works correctly</td>
<td></td>
<td>12</td>
<td>User_Management_Module.UserManagementTest@7e6f74c</td></tr>
<tr>
<td title='Job_Module.JobCategoriesTest.testDuplicateJobCategoryNotAllowed()'><b>testDuplicateJobCategoryNotAllowed</b><br>Test class: Job_Module.JobCategoriesTest<br>Test method: TC-09 Verify the system does not allow adding duplicate job categories</td>
<td></td>
<td>3</td>
<td>Job_Module.JobCategoriesTest@1f2586d6</td></tr>
<tr>
<td title='Job_Module.EmploymentStatusTest.testAddEmploymentStatus()'><b>testAddEmploymentStatus</b><br>Test class: Job_Module.EmploymentStatusTest<br>Test method: TC-01 Verify that Admin can successfully add a new employment status</td>
<td></td>
<td>5</td>
<td>Job_Module.EmploymentStatusTest@2f4948e4</td></tr>
<tr>
<td title='Job_Module.WorkShiftsTest.cannotAddDuplicateName()'><b>cannotAddDuplicateName</b><br>Test class: Job_Module.WorkShiftsTest<br>Test method: TC-17 Verify Admin cannot add Work Shift with duplicate name</td>
<td></td>
<td>2</td>
<td>Job_Module.WorkShiftsTest@10683d9d</td></tr>
<tr>
<td title='Job_Module.EmploymentStatusTest.testDeleteMultipleEmploymentStatuses()'><b>testDeleteMultipleEmploymentStatuses</b><br>Test class: Job_Module.EmploymentStatusTest<br>Test method: TC-05 Verify that multiple employment status can be deleted at the same time</td>
<td></td>
<td>3</td>
<td>Job_Module.EmploymentStatusTest@2f4948e4</td></tr>
<tr>
<td title='QABootcamp_Maven.OrangeHRM.LogInTest.logIn()'><b>logIn</b><br>Test class: QABootcamp_Maven.OrangeHRM.LogInTest<br>Parameters: test, admin123, Invalid credentials</td>
<td></td>
<td>2</td>
<td>QABootcamp_Maven.OrangeHRM.LogInTest@815b41f</td></tr>
<tr>
<td title='Job_Module.PayGradesTest.deleteAllCurrencies()'><b>deleteAllCurrencies</b><br>Test class: Job_Module.PayGradesTest<br>Test method: TC-23 Delete all currencies</td>
<td></td>
<td>8</td>
<td>Job_Module.PayGradesTest@6a78afa0</td></tr>
<tr>
<td title='User_Management_Module.UserManagementTest.checkPassword()'><b>checkPassword</b><br>Test class: User_Management_Module.UserManagementTest<br>Test method: TC-08 Verify password and confirm password match</td>
<td></td>
<td>0</td>
<td>User_Management_Module.UserManagementTest@7e6f74c</td></tr>
<tr>
<td title='Job_Module.EmploymentStatusTest.testDeleteSingleEmploymentStatus()'><b>testDeleteSingleEmploymentStatus</b><br>Test class: Job_Module.EmploymentStatusTest<br>Test method: TC-04 Verify that a single employment status can be deleted</td>
<td></td>
<td>3</td>
<td>Job_Module.EmploymentStatusTest@2f4948e4</td></tr>
<tr>
<td title='PIM_Module.AddEmployeeTest.invalidAddEmployeeWithBlankFields()'><b>invalidAddEmployeeWithBlankFields</b><br>Test class: PIM_Module.AddEmployeeTest</td>
<td></td>
<td>4</td>
<td>PIM_Module.AddEmployeeTest@62ddbd7e</td></tr>
<tr>
<td title='QABootcamp_Maven.OrangeHRM.LogInTest.logIn()'><b>logIn</b><br>Test class: QABootcamp_Maven.OrangeHRM.LogInTest<br>Parameters: Admin, admin123, Dashboard</td>
<td></td>
<td>2</td>
<td>QABootcamp_Maven.OrangeHRM.LogInTest@815b41f</td></tr>
<tr>
<td title='User_Management_Module.UserManagementTest.checkUniqeUserName()'><b>checkUniqeUserName</b><br>Test class: User_Management_Module.UserManagementTest<br>Test method: TC-07 Create user (admin/ess) with existing username</td>
<td></td>
<td>2</td>
<td>User_Management_Module.UserManagementTest@7e6f74c</td></tr>
<tr>
<td title='Job_Module.WorkShiftsTest.cannotAddWithMissingMandatoryFields()'><b>cannotAddWithMissingMandatoryFields</b><br>Test class: Job_Module.WorkShiftsTest<br>Test method: TC-16 Verify Admin cannot add Work Shift with missing mandatory fields</td>
<td></td>
<td>2</td>
<td>Job_Module.WorkShiftsTest@10683d9d</td></tr>
<tr>
<td title='Job_Module.PayGradesTest.deleteOnePayGrade()'><b>deleteOnePayGrade</b><br>Test class: Job_Module.PayGradesTest<br>Test method: TC-24 Delete entire pay grade</td>
<td></td>
<td>6</td>
<td>Job_Module.PayGradesTest@6a78afa0</td></tr>
<tr>
<td title='Job_Module.PayGradesTest.checkRequiredFields()'><b>checkRequiredFields</b><br>Test class: Job_Module.PayGradesTest<br>Test method: TC-02 Verify required field validation on Add Pay Grade</td>
<td></td>
<td>2</td>
<td>Job_Module.PayGradesTest@6a78afa0</td></tr>
<tr>
<td title='Organization_Module.OrganizationLOcationDeleteTest.DeleteTest()'><b>DeleteTest</b><br>Test class: Organization_Module.OrganizationLOcationDeleteTest<br>Test method: Verify Delete recored</td>
<td></td>
<td>2</td>
<td>Organization_Module.OrganizationLOcationDeleteTest@4116aac9</td></tr>
<tr>
<td title='Job_Module.PayGradesTest.verifyInvalidSalaryWarning()'><b>verifyInvalidSalaryWarning</b><br>Test class: Job_Module.PayGradesTest<br>Test method: TC-20 Max smaller than Min salary </td>
<td></td>
<td>4</td>
<td>Job_Module.PayGradesTest@6a78afa0</td></tr>
<tr>
<td title='Organization_Module.OrganizationLocationsTest.ValidAddTest()'><b>ValidAddTest</b><br>Test class: Organization_Module.OrganizationLocationsTest<br>Test method: Verify Add valid Location</td>
<td></td>
<td>10</td>
<td>Organization_Module.OrganizationLocationsTest@1fa121e2</td></tr>
<tr>
<td title='Job_Module.JobCategoriesTest.testSpecialCharactersInJobCategory()'><b>testSpecialCharactersInJobCategory</b><br>Test class: Job_Module.JobCategoriesTest<br>Test method: TC-13 Verify if special characters are allowed or restricted in job category name</td>
<td></td>
<td>3</td>
<td>Job_Module.JobCategoriesTest@1f2586d6</td></tr>
<tr>
<td title='Organization_Module.OrganizationLocationAddTest.DuplicateAddTest()'><b>DuplicateAddTest</b><br>Test class: Organization_Module.OrganizationLocationAddTest<br>Test method: Verify Add duplicate Location</td>
<td></td>
<td>9</td>
<td>Organization_Module.OrganizationLocationAddTest@77c2494c</td></tr>
<tr>
<td title='Job_Module.PayGradesTest.addPayGrade()'><b>addPayGrade</b><br>Test class: Job_Module.PayGradesTest<br>Test method: TC-18+19 Add valid pay grade+Add currency to pay grade</td>
<td></td>
<td>10</td>
<td>Job_Module.PayGradesTest@6a78afa0</td></tr>
<tr>
<td title='User_Management_Module.UserManagementTest.deleteUser()'><b>deleteUser</b><br>Test class: User_Management_Module.UserManagementTest<br>Test method: TC-10 Verify that the delete works correctly</td>
<td></td>
<td>6</td>
<td>User_Management_Module.UserManagementTest@7e6f74c</td></tr>
<tr>
<td title='Organization_Module.OrganizationLocationEditTest.CancelTest()'><b>CancelTest</b><br>Test class: Organization_Module.OrganizationLocationEditTest<br>Test method: Verify Cancel Button is clickable</td>
<td></td>
<td>3</td>
<td>Organization_Module.OrganizationLocationEditTest@7eac9008</td></tr>
<tr>
<td title='Job_Module.WorkShiftsTest.addOvernightWorkShift_bugShowsError()'><b>addOvernightWorkShift_bugShowsError</b><br>Test class: Job_Module.WorkShiftsTest<br>Test method: TC-15 Verify Admin can add an overnight Work Shift </td>
<td></td>
<td>2</td>
<td>Job_Module.WorkShiftsTest@10683d9d</td></tr>
<tr>
<td title='PIM_Module.AddEmployeeTest.validAddEmployee()'><b>validAddEmployee</b><br>Test class: PIM_Module.AddEmployeeTest</td>
<td></td>
<td>8</td>
<td>PIM_Module.AddEmployeeTest@62ddbd7e</td></tr>
<tr>
<td title='Job_Module.JobTitlesTest.deleteJob()'><b>deleteJob</b><br>Test class: Job_Module.JobTitlesTest<br>Test method: TC-15 Verify that the delete works correctly</td>
<td></td>
<td>5</td>
<td>Job_Module.JobTitlesTest@dd05255</td></tr>
<tr>
<td title='User_Management_Module.UserManagementTest.addUser()'><b>addUser</b><br>Test class: User_Management_Module.UserManagementTest<br>Test method: TC-06 Create user (admin/ess) with valid data</td>
<td></td>
<td>19</td>
<td>User_Management_Module.UserManagementTest@7e6f74c</td></tr>
<tr>
<td title='Job_Module.PayGradesTest.deleteOneCurrency()'><b>deleteOneCurrency</b><br>Test class: Job_Module.PayGradesTest<br>Test method: TC-22 Delete single currency</td>
<td></td>
<td>10</td>
<td>Job_Module.PayGradesTest@6a78afa0</td></tr>
<tr>
<td title='Job_Module.EmploymentStatusTest.testEmploymentStatusFieldCannotBeBlank()'><b>testEmploymentStatusFieldCannotBeBlank</b><br>Test class: Job_Module.EmploymentStatusTest<br>Test method: TC-02 Verify That Employment Status field cannot be left blank during creation</td>
<td></td>
<td>3</td>
<td>Job_Module.EmploymentStatusTest@2f4948e4</td></tr>
<tr>
<td title='User_Management_Module.UserManagementTest.checkRequiredFields()'><b>checkRequiredFields</b><br>Test class: User_Management_Module.UserManagementTest<br>Test method: TC-09 Verify required fields</td>
<td></td>
<td>1</td>
<td>User_Management_Module.UserManagementTest@7e6f74c</td></tr>
<tr>
<td title='Job_Module.JobCategoriesTest.testDeleteSingleJobCategory()'><b>testDeleteSingleJobCategory</b><br>Test class: Job_Module.JobCategoriesTest<br>Test method: TC-11 Verify a job category can be deleted individually</td>
<td></td>
<td>2</td>
<td>Job_Module.JobCategoriesTest@1f2586d6</td></tr>
<tr>
<td title='Job_Module.JobCategoriesTest.testDeleteMultipleJobCategories()'><b>testDeleteMultipleJobCategories</b><br>Test class: Job_Module.JobCategoriesTest<br>Test method: TC-12 Verify multiple job categories can be deleted Simultaneously</td>
<td></td>
<td>2</td>
<td>Job_Module.JobCategoriesTest@1f2586d6</td></tr>
</table><p>
</body>
</html>